-0.000  0.000 -0.000  -0.224  0.420 -0.884  -0.008 -0.986  0.767  -0.011 -0.030  0.010
-0.062 -0.638  1.984  -0.232  0.412 -0.872  -0.008 -0.986  0.767  -0.023 -0.027 -0.005
-0.066 -1.278  3.982  -0.236  0.404 -0.888   0.005 -0.983  0.767   0.006 -0.022 -0.044
-0.044 -1.924  5.986  -0.232  0.400 -0.880   0.005 -0.983  0.767   0.011 -0.022 -0.065
 0.013 -2.572  8.014  -0.224  0.392 -0.884   0.005 -0.983  0.767   0.030 -0.028 -0.080
 0.095 -3.204 10.073  -0.224  0.388 -0.892   0.000 -0.997  0.765   0.031 -0.019 -0.078
 0.171 -3.861 12.146  -0.220  0.388 -0.884   0.000 -0.997  0.765   0.006 -0.033 -0.082
 0.263 -4.553 14.250  -0.220  0.408 -0.884   0.000 -0.997  0.765   0.004 -0.048 -0.060
 0.384 -5.246 16.363  -0.224  0.412 -0.888   0.000 -0.997  0.765   0.003 -0.048 -0.065
 0.585 -5.931 18.473  -0.244  0.416 -0.892  -0.008 -0.991  0.759   0.016 -0.048 -0.073
 0.811 -6.596 20.609  -0.240  0.408 -0.888  -0.008 -0.991  0.759   0.019 -0.043 -0.066
 1.082 -7.235 22.781  -0.252  0.408 -0.892  -0.008 -0.991  0.759   0.021 -0.028 -0.045
 1.330 -7.879 24.974  -0.236  0.400 -0.888   0.021 -0.980  0.769   0.008 -0.038 -0.032
 1.559 -8.528 27.169  -0.224  0.408 -0.896   0.021 -0.980  0.769  -0.008 -0.044 -0.026
 1.807 -9.211 29.363  -0.232  0.432 -0.900   0.021 -0.980  0.769  -0.024 -0.055 -0.022
 2.126 -9.867 31.569  -0.252  0.432 -0.904   0.018 -0.991  0.771  -0.019 -0.048 -0.019
 2.481 -10.483 33.790  -0.264  0.416 -0.908   0.018 -0.991  0.771  -0.031 -0.038 -0.004
 2.837 -11.067 36.001  -0.260  0.412 -0.896   0.018 -0.991  0.771  -0.039 -0.017 -0.004
 3.223 -11.641 38.230  -0.260  0.428 -0.908   0.018 -0.991  0.771  -0.023 -0.025  0.021
 3.668 -12.199 40.464  -0.268  0.440 -0.900   0.021 -0.986  0.765   0.000 -0.025  0.027
 4.120 -12.692 42.660  -0.268  0.428 -0.908   0.021 -0.986  0.765   0.006 -0.006  0.012
 4.538 -13.160 44.821  -0.256  0.428 -0.896   0.021 -0.986  0.765  -0.003  0.014  0.012
 4.983 -13.608 46.975  -0.260  0.436 -0.892   0.034 -0.986  0.771   0.014  0.018  0.028
 5.462 -13.990 49.134  -0.268  0.432 -0.900   0.034 -0.986  0.771   0.038  0.030  0.050
 5.924 -14.307 51.249  -0.260  0.416 -0.892   0.034 -0.986  0.771   0.050  0.050  0.052
 6.366 -14.640 53.330  -0.248  0.428 -0.884   0.018 -0.988  0.763   0.038  0.045  0.045
 6.829 -14.951 55.386  -0.248  0.424 -0.876   0.018 -0.988  0.763   0.044  0.036  0.049
 7.298 -15.251 57.411  -0.256  0.420 -0.880   0.018 -0.988  0.763   0.021  0.036  0.050
 7.750 -15.527 59.385  -0.252  0.416 -0.884   0.018 -0.988  0.763   0.017  0.035  0.052
 8.188 -15.760 61.310  -0.236  0.400 -0.876   0.005 -0.977  0.765   0.022  0.025  0.045
 8.583 -15.979 63.137  -0.224  0.392 -0.880   0.005 -0.977  0.765   0.011  0.018  0.029
 8.962 -16.194 64.897  -0.224  0.396 -0.892   0.005 -0.977  0.765  -0.001  0.016  0.018
 9.367 -16.444 66.619  -0.228  0.412 -0.896   0.013 -0.980  0.767  -0.012 -0.012  0.017
 9.772 -16.664 68.295  -0.236  0.404 -0.900   0.013 -0.980  0.767  -0.024 -0.004  0.012
10.151 -16.866 69.903  -0.236  0.404 -0.904   0.013 -0.980  0.767  -0.031  0.010  0.001
10.542 -17.026 71.492  -0.232  0.400 -0.904   0.005 -0.986  0.769  -0.010 -0.004  0.014
10.974 -17.163 73.065  -0.236  0.400 -0.900   0.005 -0.986  0.769   0.005 -0.027  0.021
11.397 -17.266 74.582  -0.252  0.396 -0.916   0.005 -0.986  0.769  -0.010 -0.004  0.005
11.831 -17.381 76.083  -0.256  0.408 -0.916   0.005 -0.986  0.769  -0.016 -0.010  0.010
12.263 -17.493 77.568  -0.252  0.416 -0.912   0.003 -0.980  0.767  -0.010 -0.015  0.021
12.668 -17.606 79.010  -0.252  0.416 -0.896   0.003 -0.980  0.767  -0.022  0.011  0.014
13.085 -17.696 80.431  -0.264  0.412 -0.904   0.003 -0.980  0.767  -0.031  0.012  0.024
13.458 -17.762 81.779  -0.260  0.404 -0.904   0.010 -0.988  0.769  -0.025  0.018  0.041
13.820 -17.819 83.099  -0.248  0.412 -0.900   0.010 -0.988  0.769   0.001 -0.001  0.063
14.203 -17.851 84.359  -0.252  0.404 -0.884   0.010 -0.988  0.769   0.006 -0.005  0.029
14.526 -17.912 85.549  -0.252  0.400 -0.876   0.003 -1.000  0.769  -0.035  0.039  0.007
14.855 -18.003 86.756  -0.256  0.408 -0.868   0.003 -1.000  0.769  -0.060  0.049  0.030
15.117 -18.129 87.951  -0.236  0.424 -0.864   0.003 -1.000  0.769  -0.050  0.058  0.082
15.369 -18.226 89.130  -0.232  0.428 -0.864   0.003 -1.000  0.769  -0.023  0.055  0.107
15.590 -18.249 90.205  -0.224  0.416 -0.880  -0.008 -0.991  0.763   0.015  0.038  0.078
15.795 -18.282 91.217  -0.220  0.424 -0.884  -0.008 -0.991  0.763   0.016  0.035  0.062
16.011 -18.299 92.153  -0.220  0.424 -0.884  -0.008 -0.991  0.763   0.027  0.021  0.023
16.191 -18.307 92.977  -0.212  0.404 -0.880  -0.003 -0.988  0.773   0.014  0.011 -0.001
16.377 -18.279 93.739  -0.216  0.400 -0.892  -0.003 -0.988  0.773   0.027 -0.004 -0.025
16.577 -18.224 94.475  -0.216  0.404 -0.892  -0.003 -0.988  0.773   0.054 -0.021 -0.031
16.827 -18.114 95.256  -0.236  0.404 -0.900  -0.013 -0.986  0.763   0.069 -0.019 -0.030
17.079 -18.026 95.992  -0.244  0.396 -0.916  -0.013 -0.986  0.763   0.022 -0.027 -0.034
17.319 -17.983 96.718  -0.248  0.396 -0.912  -0.013 -0.986  0.763  -0.018 -0.008 -0.028
17.556 -17.974 97.480  -0.256  0.404 -0.904  -0.013 -0.986  0.763  -0.042  0.024 -0.004
17.775 -17.939 98.216  -0.248  0.412 -0.900  -0.008 -0.988  0.767   0.003  0.012  0.011
17.989 -17.903 98.934  -0.248  0.420 -0.896  -0.008 -0.988  0.767   0.016  0.018  0.005
18.191 -17.873 99.641  -0.252  0.420 -0.896  -0.008 -0.988  0.767   0.006  0.033  0.014
18.305 -17.854 100.274  -0.236  0.412 -0.904  -0.005 -0.988  0.776   0.008  0.044  0.036
18.384 -17.863 100.879  -0.232  0.412 -0.904  -0.005 -0.988  0.776  -0.008  0.062  0.049
18.459 -17.876 101.448  -0.232  0.400 -0.892  -0.005 -0.988  0.776  -0.025  0.069  0.041
18.536 -17.912 102.017  -0.220  0.412 -0.880  -0.016 -0.986  0.765  -0.016  0.061  0.038
18.525 -17.926 102.478  -0.204  0.400 -0.896  -0.016 -0.986  0.765   0.005  0.058  0.046
18.547 -17.965 102.934  -0.204  0.408 -0.896  -0.016 -0.986  0.765  -0.011  0.041  0.040
18.587 -18.006 103.355  -0.204  0.404 -0.896  -0.016 -0.986  0.765  -0.023  0.024  0.024
18.665 -18.041 103.801  -0.212  0.412 -0.896  -0.018 -0.983  0.769  -0.024  0.025  0.013
18.705 -18.076 104.193  -0.200  0.412 -0.888  -0.018 -0.983  0.769  -0.005  0.025  0.006
18.794 -18.057 104.599  -0.212  0.400 -0.884  -0.018 -0.983  0.769   0.003  0.007  0.005
18.866 -18.081 104.961  -0.200  0.408 -0.880  -0.018 -1.003  0.765  -0.001 -0.009  0.013
18.960 -18.100 105.324  -0.208  0.416 -0.896  -0.018 -1.003  0.765  -0.006 -0.016  0.011
19.068 -18.106 105.723  -0.212  0.428 -0.900  -0.018 -1.003  0.765   0.012 -0.020  0.032
19.173 -18.070 106.110  -0.216  0.416 -0.912  -0.031 -0.997  0.761   0.011 -0.021  0.021
19.317 -18.020 106.498  -0.228  0.416 -0.912  -0.031 -0.997  0.761   0.004 -0.025  0.002
19.426 -17.987 106.851  -0.220  0.416 -0.904  -0.031 -0.997  0.761   0.008 -0.014 -0.000
19.510 -17.940 107.192  -0.220  0.408 -0.900  -0.031 -0.997  0.761   0.015 -0.001  0.012
19.562 -17.917 107.465  -0.208  0.404 -0.900  -0.018 -0.986  0.767   0.010 -0.017  0.017
19.629 -17.901 107.721  -0.212  0.404 -0.904  -0.018 -0.986  0.767  -0.005 -0.021  0.003
19.746 -17.839 108.034  -0.236  0.400 -0.908  -0.018 -0.986  0.767  -0.006 -0.011  0.014
19.835 -17.814 108.293  -0.236  0.400 -0.904  -0.018 -1.000  0.767  -0.024  0.014 -0.009
19.928 -17.787 108.558  -0.236  0.404 -0.908  -0.018 -1.000  0.767  -0.019  0.006  0.002
19.993 -17.756 108.819  -0.228  0.404 -0.900  -0.018 -1.000  0.767   0.000  0.008  0.021
20.100 -17.758 109.167  -0.228  0.424 -0.888  -0.026 -0.983  0.767  -0.010  0.019  0.022
20.180 -17.758 109.482  -0.224  0.424 -0.892  -0.026 -0.983  0.767  -0.002  0.021  0.023
20.245 -17.744 109.749  -0.228  0.416 -0.904  -0.026 -0.983  0.767  -0.008  0.022  0.011
20.265 -17.763 109.972  -0.220  0.416 -0.904  -0.026 -0.983  0.767  -0.017  0.041  0.008
20.275 -17.773 110.153  -0.216  0.404 -0.896  -0.023 -0.980  0.763  -0.017  0.033  0.003
20.277 -17.773 110.313  -0.212  0.404 -0.884  -0.023 -0.980  0.763   0.003  0.035 -0.011
20.266 -17.770 110.474  -0.208  0.416 -0.888  -0.023 -0.980  0.763   0.028  0.034 -0.005
20.196 -17.803 110.521  -0.184  0.392 -0.876  -0.021 -0.994  0.765   0.005  0.011 -0.001
20.202 -17.829 110.526  -0.184  0.376 -0.860  -0.021 -0.994  0.765  -0.028 -0.041 -0.052
20.230 -17.981 110.501  -0.164  0.376 -0.860  -0.021 -0.994  0.765  -0.126 -0.082 -0.043
20.213 -18.213 110.371  -0.136  0.348 -0.860  -0.021 -0.997  0.758  -0.215 -0.121 -0.026
20.132 -18.592 110.234  -0.112  0.332 -0.848  -0.021 -0.997  0.758  -0.334 -0.098  0.040
19.991 -19.085 110.288  -0.100  0.344 -0.836  -0.021 -0.997  0.758  -0.385 -0.043  0.227
19.493 -19.537 110.302  -0.056  0.328 -0.816  -0.021 -0.997  0.758  -0.265  0.088  0.407
18.897 -19.950 110.253  -0.004  0.284 -0.764  -0.023 -1.023  0.752  -0.258  0.001  0.523
18.133 -19.593 109.898   0.008  0.272 -0.728  -0.023 -1.023  0.752   0.413 -0.122  0.338
16.878 -18.831 109.300  -0.008  0.196 -0.712  -0.023 -1.023  0.752   0.725  0.240  0.254
15.422 -17.981 108.612   0.000  0.152 -0.728  -0.047 -0.988  0.763   0.753  0.422  0.195
13.784 -17.139 107.794   0.016  0.116 -0.764  -0.047 -0.988  0.763   0.717  0.587  0.154
12.181 -16.456 106.937   0.024  0.096 -0.800  -0.047 -0.988  0.763   0.540  0.653  0.104
10.742 -16.039 106.098   0.036  0.092 -0.844  -0.047 -0.988  0.763   0.275  0.624  0.073
 9.455 -15.629 105.511   0.052  0.116 -0.888  -0.116 -0.928  0.769   0.276  0.547  0.093
 8.235 -14.942 104.911   0.088  0.152 -0.936  -0.116 -0.928  0.769   0.563  0.391  0.100
 7.141 -13.872 104.374   0.092  0.160 -0.976  -0.116 -0.928  0.769   0.887  0.248  0.104
 6.196 -12.676 103.957   0.096  0.140 -1.016  -0.134 -0.879  0.780   0.951  0.154  0.110
 5.397 -11.596 103.636   0.076  0.128 -1.052  -0.134 -0.879  0.780   0.840  0.144  0.109
 4.617 -10.765 103.391   0.060  0.124 -1.100  -0.134 -0.879  0.780   0.649  0.247  0.128
 3.770 -10.137 103.346   0.044  0.120 -1.136  -0.158 -0.827  0.795   0.510  0.416  0.198
 2.793 -9.660 103.396   0.028  0.132 -1.168  -0.158 -0.827  0.795   0.450  0.614  0.265
 1.694 -9.213 103.480   0.028  0.140 -1.200  -0.158 -0.827  0.795   0.480  0.754  0.309
 0.453 -8.675 103.628   0.020  0.176 -1.224  -0.158 -0.827  0.795   0.666  0.905  0.359
-0.862 -7.975 104.042   0.036  0.192 -1.232  -0.230 -0.769  0.778   0.880  0.977  0.381
-2.163 -7.201 104.477   0.032  0.192 -1.248  -0.230 -0.769  0.778   0.979  0.989  0.398
-3.413 -6.459 104.867   0.044  0.168 -1.252  -0.230 -0.769  0.778   0.947  0.960  0.393
-4.527 -5.873 105.526   0.056  0.156 -1.252  -0.295 -0.691  0.789   0.827  0.915  0.390
-5.561 -5.405 106.146   0.064  0.160 -1.240  -0.295 -0.691  0.789   0.759  0.883  0.377
-6.559 -4.954 106.717   0.068  0.160 -1.236  -0.295 -0.691  0.789   0.772  0.872  0.358
-7.524 -4.502 107.603   0.068  0.164 -1.216  -0.380 -0.630  0.789   0.841  0.889  0.320
-8.500 -4.000 108.421   0.072  0.168 -1.192  -0.380 -0.630  0.789   0.937  0.890  0.289
-9.493 -3.448 109.167   0.076  0.168 -1.168  -0.380 -0.630  0.789   1.031  0.894  0.258
-10.447 -2.865 109.872   0.068  0.156 -1.156  -0.380 -0.630  0.789   1.068  0.874  0.236
-11.343 -2.382 110.904   0.076  0.144 -1.140  -0.455 -0.546  0.784   1.030  0.860  0.222
-12.166 -1.997 111.895   0.080  0.136 -1.128  -0.455 -0.546  0.784   0.959  0.823  0.231
-12.904 -1.697 112.857   0.076  0.140 -1.108  -0.455 -0.546  0.784   0.912  0.794  0.220
-13.586 -1.482 114.145   0.084  0.132 -1.084  -0.514 -0.451  0.786   0.886  0.762  0.217
-14.198 -1.303 115.370   0.084  0.132 -1.064  -0.514 -0.451  0.786   0.871  0.718  0.199
-14.752 -1.166 116.524   0.088  0.132 -1.052  -0.514 -0.451  0.786   0.849  0.680  0.179
-14.895 -0.910 117.949   0.068  0.136 -1.048  -0.581 -0.393  0.778   0.830  0.339  0.166
-15.323 -0.889 119.324   0.068  0.136 -1.032  -0.581 -0.393  0.778   0.787  0.640  0.164
-15.732 -0.962 120.616   0.076  0.128 -1.016  -0.581 -0.393  0.778   0.725  0.647  0.154
-16.087 -1.124 121.865   0.080  0.132 -0.996  -0.581 -0.393  0.778   0.669  0.642  0.151
-16.419 -1.368 123.333   0.088  0.128 -0.988  -0.643 -0.318  0.765   0.633  0.639  0.144
-16.677 -1.633 124.740   0.084  0.124 -0.976  -0.643 -0.318  0.765   0.594  0.604  0.135
-16.859 -1.913 126.075   0.092  0.124 -0.980  -0.643 -0.318  0.765   0.562  0.551  0.121
-16.956 -2.177 127.565   0.076  0.116 -0.972  -0.690 -0.254  0.761   0.533  0.499  0.110
-16.966 -2.461 129.000   0.080  0.124 -0.972  -0.690 -0.254  0.761   0.499  0.452  0.089
-16.872 -2.768 130.381   0.088  0.128 -0.956  -0.690 -0.254  0.761   0.447  0.385  0.074
-16.663 -3.060 131.795   0.080  0.124 -0.968  -0.734 -0.223  0.752   0.383  0.314  0.047
-16.359 -3.352 133.140   0.084  0.124 -0.960  -0.734 -0.223  0.752   0.329  0.249  0.021
-15.991 -3.642 134.415   0.088  0.116 -0.936  -0.734 -0.223  0.752   0.279  0.200  0.002
-15.544 -3.911 135.661   0.092  0.120 -0.932  -0.734 -0.223  0.752   0.243  0.137 -0.000
-15.038 -4.146 136.887   0.092  0.116 -0.928  -0.747 -0.202  0.735   0.210  0.079 -0.032
-14.455 -4.334 138.068   0.084  0.112 -0.916  -0.747 -0.202  0.735   0.164  0.018 -0.044
-13.804 -4.526 139.208   0.088  0.112 -0.896  -0.747 -0.202  0.735   0.107 -0.027 -0.056
-13.084 -4.689 140.327   0.088  0.100 -0.892  -0.752 -0.185  0.742   0.034 -0.092 -0.076
-12.281 -4.836 141.384   0.084  0.092 -0.876  -0.752 -0.185  0.742  -0.052 -0.144 -0.097
-11.361 -4.945 142.440   0.076  0.108 -0.880  -0.752 -0.185  0.742  -0.111 -0.208 -0.114
-10.372 -5.030 143.364   0.076  0.108 -0.880  -0.736 -0.211  0.742  -0.184 -0.260 -0.138
-9.311 -5.082 144.269   0.076  0.116 -0.888  -0.736 -0.211  0.742  -0.238 -0.319 -0.152
-8.184 -5.092 145.137   0.076  0.116 -0.880  -0.736 -0.211  0.742  -0.299 -0.385 -0.169
-7.060 -5.054 145.939   0.084  0.104 -0.880  -0.736 -0.211  0.742  -0.337 -0.447 -0.176
-5.900 -4.996 146.604   0.092  0.100 -0.872  -0.705 -0.237  0.756  -0.404 -0.510 -0.181
-4.670 -4.890 147.244   0.088  0.100 -0.872  -0.705 -0.237  0.756  -0.475 -0.579 -0.193
-3.369 -4.724 147.882   0.080  0.108 -0.888  -0.705 -0.237  0.756  -0.531 -0.645 -0.202
-2.055 -4.493 148.293   0.068  0.112 -0.904  -0.646 -0.289  0.774  -0.568 -0.695 -0.204
-0.732 -4.216 148.661   0.068  0.112 -0.924  -0.646 -0.289  0.774  -0.602 -0.753 -0.223
 0.569 -3.949 148.988   0.080  0.112 -0.944  -0.646 -0.289  0.774  -0.636 -0.782 -0.231
 1.812 -3.685 148.924   0.080  0.108 -0.944  -0.587 -0.364  0.786  -0.662 -0.807 -0.246
 3.059 -3.431 148.869   0.080  0.116 -0.960  -0.587 -0.364  0.786  -0.688 -0.826 -0.257
 4.269 -3.171 148.758   0.084  0.108 -0.984  -0.587 -0.364  0.786  -0.713 -0.852 -0.275
 5.515 -2.935 148.704   0.084  0.128 -1.008  -0.587 -0.364  0.786  -0.746 -0.869 -0.275
 6.734 -2.757 148.290   0.088  0.140 -1.036  -0.504 -0.425  0.797  -0.780 -0.886 -0.275
 7.945 -2.565 147.887   0.080  0.136 -1.052  -0.504 -0.425  0.797  -0.805 -0.909 -0.279
 9.116 -2.346 147.494   0.072  0.132 -1.072  -0.504 -0.425  0.797  -0.800 -0.928 -0.281
10.244 -2.198 146.688   0.060  0.136 -1.096  -0.426 -0.509  0.808  -0.821 -0.918 -0.278
11.324 -2.087 145.931   0.064  0.140 -1.108  -0.426 -0.509  0.808  -0.816 -0.913 -0.260
12.373 -2.015 145.219   0.068  0.152 -1.128  -0.426 -0.509  0.808  -0.813 -0.912 -0.260
13.358 -2.026 144.130   0.060  0.140 -1.160  -0.354 -0.592  0.803  -0.838 -0.888 -0.243
14.306 -2.093 143.116   0.056  0.148 -1.176  -0.354 -0.592  0.803  -0.840 -0.860 -0.232
15.204 -2.217 142.166   0.056  0.156 -1.184  -0.354 -0.592  0.803  -0.838 -0.830 -0.223
16.037 -2.372 141.275   0.056  0.160 -1.200  -0.354 -0.592  0.803  -0.821 -0.803 -0.210
16.772 -2.579 140.121   0.056  0.152 -1.200  -0.282 -0.647  0.806  -0.788 -0.785 -0.185
17.449 -2.826 139.016   0.064  0.156 -1.212  -0.282 -0.647  0.806  -0.780 -0.769 -0.171
18.100 -3.117 138.004   0.060  0.168 -1.204  -0.282 -0.647  0.806  -0.779 -0.748 -0.150
18.672 -3.491 136.771   0.064  0.172 -1.200  -0.212 -0.714  0.803  -0.760 -0.719 -0.122
19.175 -3.900 135.606   0.064  0.168 -1.192  -0.212 -0.714  0.803  -0.754 -0.680 -0.100
19.625 -4.301 134.520   0.056  0.152 -1.172  -0.212 -0.714  0.803  -0.746 -0.656 -0.072
19.998 -4.730 133.352   0.060  0.144 -1.144  -0.183 -0.777  0.789  -0.724 -0.634 -0.060
20.309 -5.174 132.228   0.064  0.144 -1.128  -0.183 -0.777  0.789  -0.707 -0.612 -0.052
20.575 -5.627 131.159   0.056  0.132 -1.092  -0.183 -0.777  0.789  -0.711 -0.579 -0.044
20.782 -6.102 130.138   0.060  0.132 -1.080  -0.183 -0.777  0.789  -0.702 -0.550 -0.028
20.924 -6.630 128.998   0.056  0.132 -1.064  -0.129 -0.821  0.782  -0.692 -0.502 -0.026
20.975 -7.155 127.876   0.056  0.132 -1.036  -0.129 -0.821  0.782  -0.651 -0.457 -0.038
20.950 -7.679 126.792   0.056  0.128 -1.016  -0.129 -0.821  0.782  -0.628 -0.413 -0.031
20.875 -8.190 125.656   0.044  0.128 -0.984  -0.096 -0.887  0.784  -0.586 -0.384 -0.034
20.699 -8.694 124.538   0.048  0.140 -0.976  -0.096 -0.887  0.784  -0.523 -0.333 -0.039
20.446 -9.161 123.457   0.040  0.136 -0.964  -0.096 -0.887  0.784  -0.476 -0.279 -0.041
20.105 -9.563 122.363   0.032  0.120 -0.932  -0.088 -0.928  0.769  -0.419 -0.225 -0.054
19.717 -9.956 121.294   0.032  0.124 -0.900  -0.088 -0.928  0.769  -0.387 -0.193 -0.059
19.262 -10.343 120.217   0.036  0.136 -0.884  -0.088 -0.928  0.769  -0.337 -0.154 -0.083
18.719 -10.661 119.126   0.044  0.124 -0.868  -0.088 -0.928  0.769  -0.281 -0.122 -0.093
18.118 -10.950 117.979   0.044  0.128 -0.848  -0.062 -0.948  0.769  -0.223 -0.092 -0.105
17.447 -11.184 116.809   0.052  0.120 -0.848  -0.062 -0.948  0.769  -0.183 -0.059 -0.128
16.751 -11.375 115.687   0.040  0.128 -0.840  -0.062 -0.948  0.769  -0.126 -0.011 -0.135
15.977 -11.500 114.533   0.040  0.124 -0.844  -0.052 -0.977  0.771  -0.061  0.044 -0.154
15.133 -11.622 113.363   0.052  0.132 -0.824  -0.052 -0.977  0.771  -0.019  0.085 -0.165
14.262 -11.659 112.249   0.044  0.128 -0.832  -0.052 -0.977  0.771   0.042  0.129 -0.157
13.347 -11.610 111.146   0.044  0.124 -0.836  -0.054 -0.968  0.756   0.110  0.171 -0.175
12.409 -11.468 110.081   0.040  0.120 -0.848  -0.054 -0.968  0.756   0.180  0.206 -0.175
11.465 -11.280 109.051   0.036  0.120 -0.860  -0.054 -0.968  0.756   0.218  0.244 -0.181
10.518 -11.043 108.048   0.036  0.132 -0.888  -0.054 -0.968  0.756   0.280  0.269 -0.191
 9.529 -10.769 107.090   0.044  0.136 -0.904  -0.062 -0.951  0.771   0.328  0.314 -0.179
 8.482 -10.424 106.127   0.052  0.132 -0.924  -0.062 -0.951  0.771   0.391  0.366 -0.188
 7.414 -10.031 105.216   0.048  0.124 -0.936  -0.062 -0.951  0.771   0.424  0.427 -0.177
 6.339 -9.626 104.386   0.040  0.136 -0.948  -0.078 -0.928  0.776   0.468  0.496 -0.190
 5.212 -9.188 103.572   0.040  0.136 -0.960  -0.078 -0.928  0.776   0.512  0.576 -0.197
 4.047 -8.723 102.779   0.044  0.136 -0.960  -0.078 -0.928  0.776   0.554  0.637 -0.193
 2.915 -8.241 102.163   0.048  0.136 -0.988  -0.121 -0.861  0.771   0.566  0.664 -0.190
 1.839 -7.766 101.613   0.036  0.144 -1.004  -0.121 -0.861  0.771   0.578  0.690 -0.188
 0.725 -7.298 101.051   0.056  0.140 -1.016  -0.121 -0.861  0.771   0.581  0.721 -0.175
-0.326 -6.828 100.563   0.052  0.148 -1.036  -0.121 -0.861  0.771   0.596  0.719 -0.150
-1.354 -6.336 100.237   0.056  0.144 -1.044  -0.158 -0.821  0.784   0.623  0.740 -0.132
-2.400 -5.841 99.926   0.068  0.148 -1.044  -0.158 -0.821  0.784   0.653  0.767 -0.108
-3.455 -5.341 99.656   0.072  0.148 -1.064  -0.158 -0.821  0.784   0.671  0.805 -0.078
-4.474 -4.837 99.629   0.068  0.144 -1.084  -0.214 -0.792  0.788   0.691  0.838 -0.064
-5.467 -4.358 99.649   0.060  0.144 -1.088  -0.214 -0.792  0.788   0.689  0.868 -0.045
-6.458 -3.908 99.672   0.064  0.144 -1.096  -0.214 -0.792  0.788   0.686  0.894 -0.038
-7.386 -3.511 99.976   0.060  0.156 -1.108  -0.276 -0.734  0.786   0.693  0.907 -0.034
-8.295 -3.156 100.277   0.064  0.160 -1.116  -0.276 -0.734  0.786   0.684  0.916 -0.025
-9.194 -2.798 100.562   0.072  0.148 -1.120  -0.276 -0.734  0.786   0.687  0.914 -0.006
-10.022 -2.469 100.880   0.064  0.160 -1.128  -0.276 -0.734  0.786   0.695  0.900  0.002
-10.793 -2.190 101.483   0.064  0.160 -1.132  -0.333 -0.671  0.793   0.689  0.894  0.025
-11.540 -1.961 102.080   0.068  0.164 -1.140  -0.333 -0.671  0.793   0.673  0.893  0.043
-12.307 -1.742 102.697   0.068  0.156 -1.128  -0.333 -0.671  0.793   0.665  0.896  0.061
-12.976 -1.572 103.565   0.064  0.152 -1.140  -0.408 -0.647  0.788   0.661  0.882  0.096
-13.608 -1.436 104.435   0.060  0.156 -1.140  -0.408 -0.647  0.788   0.655  0.877  0.115
-14.219 -1.348 105.293   0.072  0.164 -1.136  -0.408 -0.647  0.788   0.650  0.863  0.146
-14.816 -1.282 106.408   0.072  0.144 -1.136  -0.481 -0.590  0.769   0.647  0.862  0.161
-15.342 -1.272 107.527   0.068  0.148 -1.112  -0.481 -0.590  0.769   0.618  0.833  0.188
-15.805 -1.287 108.616   0.064  0.140 -1.104  -0.481 -0.590  0.769   0.589  0.799  0.200
-16.233 -1.350 109.681   0.068  0.144 -1.084  -0.481 -0.590  0.769   0.572  0.785  0.216
-16.610 -1.499 111.040   0.080  0.148 -1.076  -0.545 -0.514  0.774   0.548  0.751  0.249
-16.939 -1.679 112.349   0.088  0.148 -1.060  -0.545 -0.514  0.774   0.532  0.716  0.259
-17.177 -1.861 113.612   0.088  0.140 -1.052  -0.545 -0.514  0.774   0.501  0.647  0.269
-17.346 -2.076 115.062   0.088  0.140 -1.040  -0.612 -0.480  0.763   0.487  0.602  0.291
-17.446 -2.309 116.466   0.092  0.132 -1.028  -0.612 -0.480  0.763   0.446  0.548  0.309
-17.454 -2.541 117.848   0.084  0.124 -1.004  -0.612 -0.480  0.763   0.406  0.491  0.328
-17.421 -2.808 119.376   0.088  0.116 -0.976  -0.661 -0.428  0.748   0.380  0.455  0.337
-17.308 -3.061 120.868   0.080  0.112 -0.968  -0.661 -0.428  0.748   0.348  0.405  0.344
-17.118 -3.347 122.314   0.088  0.120 -0.960  -0.661 -0.428  0.748   0.311  0.354  0.341
-16.859 -3.637 123.705   0.092  0.116 -0.936  -0.661 -0.428  0.748   0.270  0.297  0.341
-16.519 -3.932 125.250   0.084  0.120 -0.924  -0.693 -0.370  0.748   0.247  0.251  0.331
-16.097 -4.219 126.745   0.088  0.120 -0.908  -0.693 -0.370  0.748   0.208  0.184  0.326
-15.600 -4.486 128.207   0.084  0.120 -0.896  -0.693 -0.370  0.748   0.171  0.130  0.328
-15.013 -4.730 129.671   0.088  0.112 -0.896  -0.718 -0.350  0.750   0.113  0.045  0.309
-14.360 -4.939 131.076   0.080  0.108 -0.888  -0.718 -0.350  0.750   0.069 -0.004  0.292
-13.611 -5.134 132.433   0.080  0.108 -0.876  -0.718 -0.350  0.750   0.004 -0.076  0.278
-12.797 -5.305 133.782   0.084  0.108 -0.864  -0.713 -0.332  0.744  -0.038 -0.144  0.269
-11.886 -5.416 135.085   0.080  0.108 -0.856  -0.713 -0.332  0.744  -0.088 -0.235  0.251
-10.945 -5.501 136.327   0.084  0.108 -0.848  -0.713 -0.332  0.744  -0.121 -0.284  0.233
-9.905 -5.556 137.552   0.088  0.116 -0.840  -0.713 -0.332  0.744  -0.177 -0.373  0.228
-8.789 -5.567 138.774   0.084  0.120 -0.848  -0.685 -0.312  0.763  -0.231 -0.439  0.210
-7.602 -5.496 139.951   0.072  0.120 -0.860  -0.685 -0.312  0.763  -0.282 -0.513  0.190
-6.376 -5.390 141.090   0.068  0.120 -0.868  -0.685 -0.312  0.763  -0.338 -0.559  0.186
-5.143 -5.256 141.971   0.084  0.116 -0.904  -0.656 -0.353  0.767  -0.402 -0.633  0.164
-3.879 -5.068 142.820   0.080  0.120 -0.928  -0.656 -0.353  0.767  -0.437 -0.689  0.151
-2.613 -4.846 143.645   0.076  0.120 -0.940  -0.656 -0.353  0.767  -0.470 -0.724  0.155
-1.278 -4.599 144.476   0.080  0.124 -0.952  -0.656 -0.353  0.767  -0.506 -0.759  0.149
 0.056 -4.344 145.264   0.080  0.128 -0.976  -0.656 -0.353  0.767  -0.547 -0.781  0.138
 1.287 -4.082 145.939   0.080  0.116 -0.988  -0.656 -0.353  0.767  -0.584 -0.799  0.129
 2.576 -3.798 146.638   0.072  0.120 -1.008  -0.656 -0.353  0.767  -0.618 -0.805  0.133
 3.764 -3.540 146.746   0.080  0.108 -1.032  -0.514 -0.419  0.801  -0.651 -0.822  0.127
 4.921 -3.321 146.858   0.080  0.120 -1.052  -0.514 -0.419  0.801  -0.694 -0.840  0.113
 6.037 -3.123 146.950   0.080  0.116 -1.068  -0.514 -0.419  0.801  -0.714 -0.831  0.112
 7.131 -2.993 146.713   0.076  0.132 -1.072  -0.450 -0.483  0.805  -0.739 -0.825  0.110
 8.213 -2.857 146.526   0.060  0.132 -1.084  -0.450 -0.483  0.805  -0.750 -0.819  0.118
 9.287 -2.779 146.375   0.064  0.148 -1.092  -0.450 -0.483  0.805  -0.771 -0.808  0.117
10.308 -2.763 145.870   0.068  0.148 -1.112  -0.382 -0.532  0.806  -0.791 -0.811  0.106
11.283 -2.792 145.374   0.076  0.148 -1.136  -0.382 -0.532  0.806  -0.807 -0.801  0.113
12.223 -2.848 144.927   0.068  0.152 -1.152  -0.382 -0.532  0.806  -0.810 -0.774  0.117
13.102 -2.914 144.478   0.068  0.144 -1.156  -0.382 -0.532  0.806  -0.806 -0.761  0.112
13.946 -3.075 143.749   0.064  0.156 -1.164  -0.318 -0.595  0.814  -0.818 -0.739  0.123
14.732 -3.267 143.047   0.072  0.160 -1.164  -0.318 -0.595  0.814  -0.806 -0.730  0.129
15.511 -3.469 142.350   0.064  0.152 -1.148  -0.318 -0.595  0.814  -0.800 -0.716  0.131
16.176 -3.702 141.534   0.060  0.144 -1.156  -0.289 -0.662  0.806  -0.787 -0.687  0.144
16.863 -3.993 140.723   0.060  0.152 -1.136  -0.289 -0.662  0.806  -0.801 -0.678  0.140
17.477 -4.313 139.927   0.064  0.144 -1.132  -0.289 -0.662  0.806  -0.798 -0.649  0.140
18.065 -4.666 138.977   0.048  0.140 -1.124  -0.240 -0.702  0.799  -0.801 -0.631  0.126
18.551 -5.068 138.129   0.048  0.148 -1.096  -0.240 -0.702  0.799  -0.788 -0.571  0.137
18.979 -5.514 137.235   0.056  0.144 -1.080  -0.240 -0.702  0.799  -0.771 -0.544  0.123
19.324 -5.959 136.357   0.056  0.148 -1.080  -0.240 -0.754  0.797  -0.749 -0.516  0.110
19.613 -6.440 135.374   0.052  0.148 -1.056  -0.191 -0.754  0.797  -0.732 -0.488  0.102
19.822 -6.955 134.396   0.056  0.148 -1.036  -0.191 -0.754  0.797  -0.716 -0.440  0.087
19.976 -7.429 133.443   0.044  0.132 -1.020  -0.191 -0.754  0.797  -0.694 -0.411  0.069
20.035 -7.927 132.428   0.052  0.136 -1.008  -0.183 -0.809  0.786  -0.655 -0.372  0.051
19.997 -8.420 131.369   0.056  0.128 -0.992  -0.183 -0.809  0.786  -0.607 -0.339  0.046
19.862 -8.909 130.298   0.056  0.128 -0.976  -0.183 -0.809  0.786  -0.563 -0.285  0.014
19.629 -9.397 129.142   0.072  0.128 -0.964  -0.147 -0.858  0.776  -0.525 -0.254 -0.000
19.340 -9.823 128.002   0.060  0.116 -0.944  -0.147 -0.858  0.776  -0.481 -0.219 -0.022
18.997 -10.224 126.877   0.056  0.124 -0.928  -0.147 -0.858  0.776  -0.429 -0.187 -0.043
18.590 -10.580 125.722   0.056  0.120 -0.940  -0.145 -0.902  0.778  -0.385 -0.158 -0.072
18.120 -10.911 124.583   0.056  0.128 -0.912  -0.145 -0.902  0.778  -0.323 -0.125 -0.082
17.582 -11.191 123.409   0.044  0.128 -0.904  -0.145 -0.902  0.778  -0.261 -0.086 -0.106
16.960 -11.415 122.218   0.048  0.124 -0.900  -0.145 -0.902  0.778  -0.201 -0.047 -0.131
16.321 -11.594 121.085   0.048  0.128 -0.900  -0.140 -0.916  0.767  -0.151 -0.014 -0.141
15.632 -11.734 119.958   0.048  0.128 -0.888  -0.140 -0.916  0.767  -0.101  0.024 -0.157
14.821 -11.841 118.766   0.052  0.128 -0.884  -0.140 -0.916  0.767  -0.042  0.082 -0.172
13.984 -11.881 117.568   0.044  0.128 -0.880  -0.127 -0.922  0.765   0.019  0.115 -0.188
13.121 -11.864 116.438   0.048  0.124 -0.876  -0.127 -0.922  0.765   0.077  0.162 -0.191
12.190 -11.797 115.294   0.056  0.128 -0.888  -0.127 -0.922  0.765   0.144  0.207 -0.209
11.254 -11.666 114.182   0.052  0.132 -0.900  -0.129 -0.928  0.769   0.204  0.233 -0.225
10.309 -11.496 113.082   0.056  0.132 -0.900  -0.129 -0.928  0.769   0.240  0.251 -0.238
 9.352 -11.270 112.007   0.056  0.132 -0.908  -0.129 -0.928  0.769   0.291  0.278 -0.246
 8.399 -10.990 110.995   0.044  0.136 -0.928  -0.129 -0.928  0.769   0.345  0.327 -0.248
 7.424 -10.635 110.061   0.048  0.128 -0.948  -0.147 -0.887  0.767   0.397  0.361 -0.254
 6.451 -10.228 109.165   0.040  0.124 -0.944  -0.147 -0.887  0.767   0.445  0.402 -0.265
 5.461 -9.825 108.307   0.036  0.140 -0.960  -0.147 -0.887  0.767   0.489  0.464 -0.273
 4.408 -9.393 107.476   0.048  0.140 -0.984  -0.160 -0.870  0.773   0.534  0.526 -0.285
 3.344 -8.925 106.640   0.056  0.132 -0.996  -0.160 -0.870  0.773   0.560  0.552 -0.300
 2.282 -8.456 105.842   0.056  0.140 -1.004  -0.160 -0.870  0.773   0.589  0.591 -0.300
 1.246 -7.972 105.148   0.056  0.140 -1.004  -0.181 -0.841  0.780   0.612  0.617 -0.307
 0.233 -7.504 104.492   0.056  0.148 -1.016  -0.181 -0.841  0.780   0.622  0.642 -0.306
-0.745 -7.044 103.876   0.052  0.148 -1.028  -0.181 -0.841  0.780   0.622  0.663 -0.308
-1.687 -6.555 103.317   0.048  0.144 -1.028  -0.181 -0.841  0.780   0.648  0.672 -0.292
-2.606 -6.034 102.989   0.048  0.136 -1.032  -0.230 -0.792  0.776   0.681  0.700 -0.274
-3.542 -5.506 102.681   0.052  0.132 -1.036  -0.230 -0.792  0.776   0.703  0.735 -0.259
-4.485 -5.012 102.383   0.060  0.140 -1.048  -0.230 -0.792  0.776   0.709  0.763 -0.253
-5.380 -4.542 102.319   0.052  0.140 -1.076  -0.269 -0.737  0.782   0.706  0.791 -0.237
-6.289 -4.106 102.224   0.068  0.144 -1.076  -0.269 -0.737  0.782   0.710  0.805 -0.237
-7.162 -3.683 102.167   0.060  0.140 -1.084  -0.269 -0.737  0.782   0.705  0.820 -0.227
-7.980 -3.297 102.319   0.060  0.140 -1.088  -0.318 -0.711  0.788   0.699  0.818 -0.215
-8.749 -2.923 102.498   0.056  0.140 -1.100  -0.318 -0.711  0.788   0.702  0.807 -0.199
-9.503 -2.581 102.657   0.068  0.148 -1.108  -0.318 -0.711  0.788   0.705  0.801 -0.196
-10.235 -2.283 102.817   0.076  0.152 -1.104  -0.318 -0.711  0.788   0.693  0.795 -0.177
-10.922 -2.046 103.252   0.076  0.152 -1.112  -0.380 -0.671  0.786   0.675  0.799 -0.153
-11.570 -1.825 103.699   0.068  0.148 -1.120  -0.380 -0.671  0.786   0.665  0.799 -0.141
-12.181 -1.604 104.173   0.060  0.136 -1.112  -0.380 -0.671  0.786   0.658  0.791 -0.108
-12.778 -1.459 104.899   0.072  0.144 -1.108  -0.429 -0.604  0.784   0.651  0.794 -0.084
-13.335 -1.333 105.622   0.068  0.140 -1.096  -0.429 -0.604  0.784   0.643  0.780 -0.066
-13.849 -1.247 106.340   0.072  0.144 -1.096  -0.429 -0.604  0.784   0.627  0.757 -0.044
-14.327 -1.268 107.265   0.080  0.144 -1.092  -0.499 -0.584  0.778   0.571  0.750 -0.015
-14.778 -1.290 108.168   0.080  0.132 -1.080  -0.499 -0.584  0.778   0.561  0.732  0.010
-15.161 -1.351 109.084   0.076  0.140 -1.076  -0.499 -0.584  0.778   0.541  0.705  0.035
-15.492 -1.433 109.983   0.080  0.136 -1.064  -0.499 -0.584  0.778   0.518  0.666  0.061
-15.759 -1.574 111.114   0.084  0.136 -1.044  -0.556 -0.532  0.767   0.494  0.626  0.090
-15.988 -1.715 112.213   0.084  0.128 -1.020  -0.556 -0.532  0.767   0.484  0.597  0.107
-16.129 -1.879 113.304   0.084  0.128 -1.016  -0.556 -0.532  0.767   0.446  0.539  0.134
-16.166 -2.101 114.598   0.076  0.132 -1.000  -0.599 -0.480  0.767   0.400  0.488  0.146
-16.123 -2.315 115.870   0.068  0.128 -0.988  -0.599 -0.480  0.767   0.373  0.438  0.159
-16.070 -2.525 117.064   0.084  0.112 -0.972  -0.599 -0.480  0.767   0.351  0.396  0.172
-15.934 -2.776 118.385   0.084  0.120 -0.952  -0.638 -0.451  0.761   0.320  0.347  0.186
-15.731 -3.014 119.669   0.084  0.116 -0.948  -0.638 -0.451  0.761   0.292  0.291  0.195
-15.462 -3.237 120.924   0.076  0.116 -0.940  -0.638 -0.451  0.761   0.268  0.250  0.194
-15.105 -3.478 122.213   0.076  0.116 -0.928  -0.638 -0.451  0.761   0.226  0.199  0.201
-14.690 -3.711 123.508   0.080  0.112 -0.920  -0.669 -0.425  0.752   0.182  0.133  0.209
-14.202 -3.985 124.804   0.096  0.112 -0.904  -0.669 -0.425  0.752   0.135  0.075  0.206
-13.575 -4.225 126.101   0.080  0.116 -0.888  -0.669 -0.425  0.752   0.082 -0.003  0.208
-12.894 -4.412 127.401   0.072  0.112 -0.884  -0.674 -0.387  0.752   0.043 -0.072  0.199
-12.130 -4.588 128.700   0.080  0.104 -0.860  -0.674 -0.387  0.752   0.000 -0.141  0.197
-11.377 -4.720 129.893   0.080  0.100 -0.852  -0.674 -0.387  0.752  -0.024 -0.186  0.198
-10.550 -4.821 131.002   0.084  0.100 -0.852  -0.664 -0.396  0.767  -0.075 -0.268  0.189
-9.613 -4.908 132.114   0.080  0.112 -0.856  -0.664 -0.396  0.767  -0.133 -0.340  0.183
-8.634 -4.965 133.188   0.080  0.112 -0.864  -0.664 -0.396  0.767  -0.174 -0.392  0.179
-7.591 -4.983 134.220   0.084  0.116 -0.884  -0.664 -0.396  0.767  -0.221 -0.471  0.166
-6.522 -4.967 135.147   0.088  0.108 -0.900  -0.633 -0.396  0.763  -0.280 -0.532  0.168
-5.380 -4.881 136.065   0.072  0.108 -0.908  -0.633 -0.396  0.763  -0.326 -0.598  0.164
-4.172 -4.771 136.985   0.080  0.108 -0.916  -0.633 -0.396  0.763  -0.360 -0.649  0.164
-3.018 -4.655 137.697   0.076  0.112 -0.936  -0.581 -0.416  0.788  -0.405 -0.672  0.167
-1.789 -4.537 138.432   0.080  0.120 -0.948  -0.581 -0.416  0.788  -0.441 -0.704  0.166
-0.574 -4.410 139.129   0.084  0.120 -0.968  -0.581 -0.416  0.788  -0.474 -0.728  0.167
 0.627 -4.316 139.585   0.088  0.136 -0.980  -0.522 -0.454  0.795  -0.506 -0.744  0.177
 1.765 -4.193 140.029   0.076  0.136 -0.996  -0.522 -0.454  0.795  -0.523 -0.759  0.182
 2.911 -4.052 140.475   0.068  0.136 -1.024  -0.522 -0.454  0.795  -0.559 -0.779  0.189
 3.977 -3.969 140.625   0.080  0.136 -1.036  -0.457 -0.480  0.801  -0.585 -0.769  0.188
 5.042 -3.895 140.758   0.080  0.132 -1.048  -0.457 -0.480  0.801  -0.628 -0.785  0.187
 6.093 -3.825 140.898   0.072  0.128 -1.060  -0.457 -0.480  0.801  -0.657 -0.782  0.190
 7.131 -3.762 141.042   0.064  0.124 -1.076  -0.457 -0.480  0.801  -0.690 -0.777  0.193
 8.115 -3.738 140.945   0.064  0.128 -1.080  -0.408 -0.517  0.808  -0.699 -0.771  0.198
 9.067 -3.766 140.846   0.076  0.140 -1.092  -0.408 -0.517  0.808  -0.711 -0.766  0.193
 9.995 -3.798 140.780   0.068  0.140 -1.108  -0.408 -0.517  0.808  -0.722 -0.754  0.201
10.839 -3.894 140.376   0.072  0.140 -1.116  -0.346 -0.581  0.806  -0.723 -0.738  0.218
11.641 -4.021 139.981   0.076  0.140 -1.112  -0.346 -0.581  0.806  -0.730 -0.726  0.217
12.427 -4.172 139.646   0.072  0.144 -1.112  -0.346 -0.581  0.806  -0.743 -0.715  0.238
13.182 -4.372 139.112   0.060  0.152 -1.116  -0.292 -0.621  0.801  -0.746 -0.695  0.237
13.900 -4.582 138.594   0.064  0.148 -1.112  -0.292 -0.621  0.801  -0.750 -0.698  0.242
14.561 -4.814 138.105   0.060  0.148 -1.112  -0.292 -0.621  0.801  -0.741 -0.664  0.240
15.185 -5.060 137.646   0.056  0.148 -1.100  -0.292 -0.621  0.801  -0.738 -0.644  0.238
15.753 -5.364 137.008   0.060  0.148 -1.092  -0.258 -0.673  0.805  -0.741 -0.626  0.231
16.267 -5.675 136.390   0.060  0.140 -1.088  -0.258 -0.673  0.805  -0.739 -0.605  0.233
16.699 -6.049 135.745   0.076  0.140 -1.080  -0.258 -0.673  0.805  -0.741 -0.565  0.221
17.056 -6.487 134.964   0.072  0.140 -1.064  -0.222 -0.731  0.797  -0.735 -0.509  0.218
17.362 -6.907 134.214   0.064  0.132 -1.056  -0.222 -0.731  0.797  -0.717 -0.483  0.212
17.622 -7.349 133.487   0.064  0.140 -1.040  -0.222 -0.731  0.797  -0.701 -0.456  0.204
17.805 -7.800 132.656   0.064  0.136 -1.024  -0.194 -0.772  0.788  -0.672 -0.427  0.192
17.919 -8.248 131.830   0.060  0.132 -1.004  -0.194 -0.772  0.788  -0.645 -0.385  0.172
17.964 -8.665 131.009   0.060  0.124 -0.992  -0.194 -0.772  0.788  -0.611 -0.362  0.161
17.950 -9.068 130.203   0.056  0.124 -0.988  -0.194 -0.772  0.788  -0.579 -0.325  0.148
17.883 -9.477 129.339   0.052  0.132 -0.980  -0.176 -0.815  0.791  -0.542 -0.295  0.132
17.741 -9.889 128.459   0.056  0.136 -0.968  -0.176 -0.815  0.791  -0.506 -0.254  0.106
17.535 -10.272 127.566   0.056  0.128 -0.960  -0.176 -0.815  0.791  -0.476 -0.221  0.082
17.260 -10.606 126.638   0.052  0.120 -0.944  -0.171 -0.861  0.782  -0.425 -0.191  0.063
16.904 -10.917 125.716   0.052  0.120 -0.940  -0.171 -0.861  0.782  -0.376 -0.141  0.054
16.494 -11.181 124.775   0.052  0.120 -0.928  -0.171 -0.861  0.782  -0.321 -0.118  0.022
15.964 -11.456 123.728   0.068  0.128 -0.924  -0.163 -0.876  0.767  -0.266 -0.085  0.006
15.427 -11.662 122.741   0.064  0.120 -0.916  -0.163 -0.876  0.767  -0.229 -0.061 -0.010
14.834 -11.822 121.757   0.064  0.120 -0.916  -0.163 -0.876  0.767  -0.176 -0.026 -0.025
14.215 -11.926 120.799   0.052  0.120 -0.916  -0.163 -0.876  0.767  -0.122  0.014 -0.043
13.538 -11.973 119.800   0.052  0.112 -0.908  -0.150 -0.890  0.767  -0.068  0.047 -0.058
12.822 -12.020 118.822   0.048  0.124 -0.904  -0.150 -0.890  0.767  -0.025  0.104 -0.071
12.007 -12.010 117.789   0.052  0.120 -0.908  -0.150 -0.890  0.767   0.031  0.143 -0.082
11.170 -11.949 116.841   0.048  0.128 -0.908  -0.173 -0.896  0.765   0.094  0.184 -0.099
10.363 -11.821 115.960   0.040  0.124 -0.908  -0.173 -0.896  0.765   0.151  0.214 -0.117
 9.517 -11.657 115.074   0.048  0.128 -0.912  -0.173 -0.896  0.765   0.204  0.239 -0.127
 8.668 -11.450 114.214   0.048  0.128 -0.916  -0.176 -0.882  0.767   0.246  0.259 -0.142
 7.803 -11.187 113.365   0.044  0.120 -0.916  -0.176 -0.882  0.767   0.289  0.294 -0.159
 6.924 -10.862 112.530   0.044  0.116 -0.928  -0.176 -0.882  0.767   0.342  0.317 -0.169
 6.004 -10.497 111.676   0.056  0.116 -0.944  -0.176 -0.882  0.767   0.394  0.343 -0.185
 5.105 -10.128 110.911   0.052  0.136 -0.960  -0.189 -0.864  0.778   0.441  0.375 -0.193
 4.201 -9.758 110.180   0.044  0.144 -0.964  -0.189 -0.864  0.778   0.476  0.430 -0.208
 3.250 -9.350 109.442   0.044  0.136 -0.972  -0.189 -0.864  0.778   0.516  0.493 -0.227
 2.312 -8.922 108.802   0.052  0.136 -0.980  -0.217 -0.829  0.771   0.543  0.508 -0.246
 1.360 -8.493 108.187   0.056  0.144 -0.992  -0.217 -0.829  0.771   0.577  0.545 -0.242
 0.417 -8.017 107.602   0.052  0.136 -1.004  -0.217 -0.829  0.771   0.612  0.570 -0.245
-0.535 -7.553 107.114   0.056  0.144 -1.000  -0.243 -0.786  0.778   0.615  0.587 -0.260
-1.473 -7.099 106.619   0.064  0.140 -1.012  -0.243 -0.786  0.778   0.611  0.595 -0.268
-2.343 -6.669 106.191   0.064  0.148 -1.028  -0.243 -0.786  0.778   0.634  0.611 -0.257
-3.191 -6.219 105.806   0.060  0.148 -1.032  -0.243 -0.786  0.778   0.664  0.626 -0.246
-4.005 -5.756 105.627   0.056  0.148 -1.048  -0.279 -0.740  0.788   0.693  0.650 -0.237
-4.841 -5.300 105.465   0.052  0.140 -1.060  -0.279 -0.740  0.788   0.697  0.701 -0.231
-5.647 -4.863 105.319   0.052  0.144 -1.064  -0.279 -0.740  0.788   0.703  0.707 -0.231
-6.431 -4.477 105.321   0.060  0.144 -1.080  -0.320 -0.723  0.784   0.683  0.719 -0.226
-7.168 -4.087 105.359   0.048  0.140 -1.084  -0.320 -0.723  0.784   0.689  0.724 -0.220
-7.887 -3.735 105.392   0.056  0.152 -1.080  -0.320 -0.723  0.784   0.698  0.723 -0.220
-8.559 -3.386 105.654   0.060  0.144 -1.100  -0.367 -0.659  0.782   0.705  0.710 -0.218
-9.218 -3.047 105.896   0.068  0.136 -1.104  -0.367 -0.659  0.782   0.700  0.697 -0.204
-9.827 -2.740 106.166   0.060  0.132 -1.100  -0.367 -0.659  0.782   0.677  0.691 -0.188
-10.439 -2.476 106.424   0.068  0.132 -1.100  -0.367 -0.659  0.782   0.662  0.702 -0.175
-10.997 -2.282 106.898   0.068  0.144 -1.092  -0.411 -0.624  0.789   0.651  0.696 -0.159
-11.530 -2.112 107.389   0.064  0.144 -1.084  -0.411 -0.624  0.789   0.647  0.699 -0.137
-12.010 -1.964 107.906   0.060  0.152 -1.080  -0.411 -0.624  0.789   0.647  0.680 -0.116
-12.457 -1.860 108.604   0.064  0.144 -1.072  -0.463 -0.592  0.776   0.625  0.667 -0.102
-12.879 -1.790 109.289   0.068  0.144 -1.080  -0.463 -0.592  0.776   0.605  0.655 -0.082
-13.271 -1.760 109.987   0.068  0.144 -1.064  -0.463 -0.592  0.776   0.582  0.648 -0.050
-13.580 -1.801 110.928   0.060  0.144 -1.068  -0.506 -0.540  0.784   0.530  0.623 -0.022
-13.871 -1.900 111.830   0.076  0.144 -1.056  -0.506 -0.540  0.784   0.498  0.603 -0.001
-14.112 -2.001 112.696   0.080  0.140 -1.052  -0.506 -0.540  0.784   0.483  0.562  0.007
-14.303 -2.121 113.553   0.088  0.144 -1.016  -0.506 -0.540  0.784   0.479  0.517  0.033
-14.410 -2.252 114.595   0.080  0.136 -1.004  -0.568 -0.512  0.776   0.452  0.468  0.041
-14.476 -2.393 115.605   0.080  0.128 -1.000  -0.568 -0.512  0.776   0.421  0.438  0.057
-14.487 -2.570 116.600   0.088  0.132 -0.988  -0.568 -0.512  0.776   0.388  0.397  0.079
-14.425 -2.775 117.709   0.088  0.132 -0.968  -0.599 -0.477  0.765   0.358  0.350  0.080
-14.278 -3.005 118.812   0.088  0.136 -0.956  -0.599 -0.477  0.765   0.314  0.298  0.098
-14.109 -3.206 119.870   0.088  0.124 -0.956  -0.599 -0.477  0.765   0.297  0.265  0.111
-13.891 -3.419 121.030   0.096  0.120 -0.940  -0.623 -0.436  0.765   0.275  0.214  0.118
-13.586 -3.615 122.156   0.088  0.116 -0.928  -0.623 -0.436  0.765   0.232  0.154  0.113
-13.183 -3.802 123.284   0.076  0.120 -0.920  -0.623 -0.436  0.765   0.191  0.101  0.118
-12.759 -3.978 124.346   0.084  0.112 -0.916  -0.623 -0.436  0.765   0.162  0.057  0.117
-12.262 -4.170 125.475   0.088  0.112 -0.904  -0.649 -0.416  0.771   0.113  0.001  0.121
-11.683 -4.310 126.582   0.076  0.104 -0.904  -0.649 -0.416  0.771   0.069 -0.066  0.128
-11.070 -4.454 127.645   0.084  0.104 -0.896  -0.649 -0.416  0.771   0.032 -0.110  0.128
-10.383 -4.584 128.668   0.084  0.108 -0.896  -0.628 -0.410  0.765  -0.012 -0.173  0.126
-9.635 -4.667 129.666   0.076  0.104 -0.904  -0.628 -0.410  0.765  -0.051 -0.230  0.127
-8.833 -4.730 130.627   0.080  0.100 -0.904  -0.628 -0.410  0.765  -0.102 -0.297  0.132
-7.896 -4.778 131.615   0.080  0.108 -0.912  -0.612 -0.405  0.773  -0.156 -0.372  0.126
-6.946 -4.798 132.555   0.084  0.104 -0.912  -0.612 -0.405  0.773  -0.187 -0.418  0.127
-5.942 -4.818 133.460   0.092  0.108 -0.928  -0.612 -0.405  0.773  -0.244 -0.477  0.126
-4.894 -4.817 134.233   0.092  0.116 -0.948  -0.579 -0.425  0.784  -0.289 -0.529  0.131
-3.851 -4.779 134.971   0.080  0.116 -0.952  -0.579 -0.425  0.784  -0.331 -0.571  0.134
-2.733 -4.755 135.740   0.088  0.128 -0.960  -0.579 -0.425  0.784  -0.364 -0.603  0.134
-1.653 -4.710 136.468   0.084  0.128 -0.968  -0.579 -0.425  0.784  -0.400 -0.634  0.146
-0.546 -4.644 136.996   0.080  0.124 -0.980  -0.525 -0.451  0.788  -0.433 -0.654  0.153
 0.509 -4.585 137.509   0.076  0.132 -0.988  -0.525 -0.451  0.788  -0.455 -0.661  0.153
 1.547 -4.524 137.997   0.076  0.128 -0.992  -0.525 -0.451  0.788  -0.485 -0.673  0.156
 2.582 -4.461 138.242   0.076  0.120 -1.004  -0.470 -0.477  0.805  -0.514 -0.683  0.160
 3.577 -4.394 138.480   0.072  0.120 -1.024  -0.470 -0.477  0.805  -0.547 -0.705  0.165
 4.595 -4.351 138.768   0.068  0.136 -1.032  -0.470 -0.477  0.805  -0.573 -0.711  0.171
 5.517 -4.332 138.698   0.076  0.124 -1.044  -0.416 -0.526  0.808  -0.589 -0.713  0.175
 6.449 -4.321 138.656   0.072  0.124 -1.064  -0.416 -0.526  0.808  -0.624 -0.725  0.186
 7.358 -4.323 138.623   0.068  0.120 -1.068  -0.416 -0.526  0.808  -0.646 -0.717  0.189
 8.241 -4.347 138.609   0.068  0.124 -1.080  -0.416 -0.526  0.808  -0.658 -0.710  0.198
 9.097 -4.420 138.387   0.064  0.132 -1.088  -0.372 -0.569  0.799  -0.678 -0.702  0.203
 9.917 -4.522 138.194   0.060  0.136 -1.084  -0.372 -0.569  0.799  -0.681 -0.677  0.205
10.726 -4.640 138.051   0.052  0.144 -1.080  -0.372 -0.569  0.799  -0.688 -0.664  0.208
11.431 -4.823 137.608   0.068  0.140 -1.084  -0.310 -0.601  0.812  -0.685 -0.649  0.217
12.106 -5.029 137.179   0.072  0.140 -1.100  -0.310 -0.601  0.812  -0.700 -0.642  0.220
12.740 -5.255 136.770   0.076  0.140 -1.092  -0.310 -0.601  0.812  -0.701 -0.632  0.228
13.323 -5.523 136.192   0.072  0.140 -1.100  -0.276 -0.656  0.799  -0.705 -0.609  0.227
13.867 -5.813 135.622   0.072  0.136 -1.084  -0.276 -0.656  0.799  -0.712 -0.589  0.216
14.387 -6.105 135.109   0.064  0.140 -1.080  -0.276 -0.656  0.799  -0.703 -0.574  0.225
14.857 -6.416 134.613   0.064  0.140 -1.080  -0.276 -0.656  0.799  -0.699 -0.546  0.221
15.264 -6.759 133.969   0.052  0.136 -1.068  -0.235 -0.699  0.799  -0.688 -0.502  0.215
15.649 -7.137 133.317   0.052  0.136 -1.060  -0.235 -0.699  0.799  -0.686 -0.479  0.214
15.944 -7.515 132.689   0.056  0.132 -1.036  -0.235 -0.699  0.799  -0.673 -0.446  0.199
16.175 -7.934 131.955   0.060  0.136 -1.024  -0.209 -0.746  0.799  -0.659 -0.417  0.198
16.345 -8.331 131.251   0.052  0.136 -1.020  -0.209 -0.746  0.799  -0.622 -0.381  0.189
16.457 -8.742 130.551   0.060  0.136 -1.000  -0.209 -0.746  0.799  -0.608 -0.362  0.189
16.503 -9.142 129.769   0.056  0.136 -0.992  -0.191 -0.792  0.791  -0.569 -0.333  0.166
16.481 -9.518 128.990   0.052  0.128 -0.984  -0.191 -0.792  0.791  -0.539 -0.292  0.150
16.399 -9.875 128.219   0.052  0.128 -0.976  -0.191 -0.792  0.791  -0.503 -0.264  0.140
16.263 -10.222 127.444   0.052  0.132 -0.976  -0.191 -0.792  0.791  -0.470 -0.231  0.118
16.057 -10.570 126.636   0.052  0.132 -0.976  -0.181 -0.818  0.780  -0.441 -0.186  0.113
15.778 -10.905 125.775   0.052  0.132 -0.968  -0.181 -0.818  0.780  -0.398 -0.155  0.088
15.424 -11.206 124.914   0.064  0.132 -0.956  -0.181 -0.818  0.780  -0.350 -0.124  0.063
15.025 -11.489 124.033   0.060  0.136 -0.936  -0.176 -0.847  0.776  -0.308 -0.091  0.045
14.577 -11.727 123.155   0.060  0.136 -0.940  -0.176 -0.847  0.776  -0.260 -0.064  0.032
14.098 -11.892 122.308   0.048  0.128 -0.940  -0.176 -0.847  0.776  -0.210 -0.032  0.023
13.569 -12.039 121.450   0.048  0.136 -0.940  -0.176 -0.882  0.773  -0.161  0.006  0.008
13.016 -12.139 120.602   0.044  0.132 -0.932  -0.176 -0.882  0.773  -0.123  0.029 -0.006
12.404 -12.187 119.751   0.044  0.124 -0.928  -0.176 -0.882  0.773  -0.073  0.069 -0.019
11.711 -12.212 118.869   0.056  0.124 -0.924  -0.176 -0.882  0.773  -0.024  0.111 -0.032
10.997 -12.214 118.005   0.052  0.136 -0.928  -0.173 -0.876  0.767   0.028  0.146 -0.045
10.252 -12.181 117.143   0.056  0.136 -0.932  -0.173 -0.876  0.767   0.067  0.172 -0.055
 9.470 -12.095 116.288   0.052  0.132 -0.924  -0.173 -0.876  0.767   0.121  0.214 -0.071
 8.672 -11.923 115.457   0.048  0.124 -0.924  -0.178 -0.873  0.774   0.184  0.234 -0.088
 7.895 -11.742 114.678   0.040  0.136 -0.924  -0.178 -0.873  0.774   0.218  0.261 -0.092
 7.068 -11.514 113.863   0.044  0.140 -0.928  -0.178 -0.873  0.774   0.264  0.275 -0.104
 6.272 -11.239 113.166   0.048  0.136 -0.940  -0.207 -0.858  0.769   0.312  0.295 -0.127
 5.467 -10.921 112.469   0.048  0.132 -0.948  -0.207 -0.858  0.769   0.351  0.319 -0.146
 4.631 -10.552 111.761   0.052  0.128 -0.952  -0.207 -0.858  0.769   0.406  0.347 -0.163
 3.774 -10.165 111.081   0.052  0.128 -0.960  -0.207 -0.858  0.769   0.440  0.388 -0.159
 2.890 -9.745 110.455   0.056  0.120 -0.960  -0.222 -0.829  0.773   0.476  0.430 -0.174
 2.034 -9.319 109.887   0.040  0.128 -0.968  -0.222 -0.829  0.773   0.507  0.476 -0.186
 1.145 -8.883 109.315   0.048  0.132 -0.976  -0.222 -0.829  0.773   0.548  0.512 -0.192
 0.297 -8.434 108.849   0.044  0.132 -0.996  -0.243 -0.801  0.778   0.563  0.528 -0.208
-0.534 -7.996 108.403   0.044  0.144 -1.000  -0.243 -0.801  0.778   0.593  0.546 -0.218
-1.353 -7.542 107.966   0.048  0.132 -1.016  -0.243 -0.801  0.778   0.593  0.552 -0.213
-2.096 -7.101 107.729   0.044  0.136 -1.032  -0.287 -0.763  0.778   0.595  0.548 -0.224
-2.836 -6.660 107.494   0.052  0.140 -1.036  -0.287 -0.763  0.778   0.621  0.552 -0.220
-3.603 -6.252 107.263   0.064  0.152 -1.040  -0.287 -0.763  0.778   0.643  0.581 -0.207
-4.442 -5.796 107.023   0.068  0.144 -1.052  -0.287 -0.763  0.778   0.673  0.615 -0.198
-5.198 -5.386 106.978   0.060  0.144 -1.052  -0.318 -0.725  0.784   0.676  0.641 -0.193
-5.958 -4.990 106.916   0.068  0.140 -1.060  -0.318 -0.725  0.784   0.677  0.652 -0.191
-6.678 -4.646 106.868   0.068  0.152 -1.060  -0.318 -0.725  0.784   0.667  0.655 -0.196
-7.409 -4.260 106.917   0.080  0.116 -1.068  -0.349 -0.685  0.786   0.666  0.653 -0.192
-8.060 -3.917 107.024   0.068  0.132 -1.060  -0.349 -0.685  0.786   0.666  0.642 -0.186
-8.654 -3.573 107.144   0.064  0.128 -1.072  -0.349 -0.685  0.786   0.662  0.618 -0.180
-9.205 -3.262 107.501   0.064  0.128 -1.076  -0.398 -0.639  0.782   0.662  0.614 -0.168
-9.735 -2.999 107.867   0.064  0.132 -1.072  -0.398 -0.639  0.782   0.647  0.620 -0.154
-10.283 -2.781 108.193   0.080  0.136 -1.072  -0.398 -0.639  0.782   0.640  0.628 -0.149
-10.788 -2.591 108.544   0.076  0.136 -1.084  -0.398 -0.639  0.782   0.621  0.619 -0.126
-11.211 -2.443 109.167   0.064  0.136 -1.072  -0.450 -0.592  0.774   0.604  0.601 -0.108
-11.635 -2.298 109.802   0.064  0.128 -1.068  -0.450 -0.592  0.774   0.593  0.591 -0.094
-12.017 -2.190 110.390   0.072  0.128 -1.060  -0.450 -0.592  0.774   0.581  0.573 -0.073
-12.370 -2.151 111.228   0.076  0.136 -1.048  -0.488 -0.552  0.784   0.560  0.559 -0.042
-12.670 -2.138 112.009   0.072  0.132 -1.044  -0.488 -0.552  0.784   0.535  0.548 -0.031
-12.944 -2.149 112.789   0.080  0.124 -1.040  -0.488 -0.552  0.784   0.501  0.510 -0.015
-13.152 -2.204 113.684   0.084  0.120 -1.032  -0.532 -0.523  0.774   0.469  0.479  0.007
-13.295 -2.295 114.627   0.088  0.132 -1.024  -0.532 -0.523  0.774   0.454  0.432  0.025
-13.344 -2.378 115.525   0.072  0.128 -1.004  -0.532 -0.523  0.774   0.424  0.391  0.032
-13.341 -2.495 116.637   0.072  0.128 -0.996  -0.566 -0.480  0.774   0.403  0.360  0.045
-13.303 -2.642 117.654   0.084  0.128 -0.972  -0.566 -0.480  0.774   0.374  0.322  0.057
-13.221 -2.766 118.636   0.076  0.112 -0.972  -0.566 -0.480  0.774   0.337  0.288  0.071
-13.067 -2.904 119.610   0.076  0.116 -0.968  -0.566 -0.480  0.774   0.304  0.240  0.084
-12.847 -3.062 120.693   0.076  0.120 -0.956  -0.592 -0.454  0.776   0.279  0.196  0.096
-12.585 -3.219 121.744   0.076  0.120 -0.940  -0.592 -0.454  0.776   0.258  0.162  0.096
-12.261 -3.368 122.760   0.076  0.116 -0.940  -0.592 -0.454  0.776   0.219  0.108  0.102
-11.873 -3.526 123.777   0.080  0.120 -0.940  -0.607 -0.451  0.767   0.184  0.057  0.099
-11.443 -3.658 124.746   0.076  0.108 -0.920  -0.607 -0.451  0.767   0.147  0.011  0.099
-10.938 -3.803 125.702   0.080  0.116 -0.924  -0.607 -0.451  0.767   0.104 -0.045  0.104
-10.359 -3.943 126.750   0.076  0.116 -0.916  -0.612 -0.416  0.767   0.061 -0.097  0.107
-9.725 -4.080 127.777   0.076  0.116 -0.912  -0.612 -0.416  0.767   0.016 -0.143  0.116
-9.047 -4.199 128.775   0.072  0.116 -0.908  -0.612 -0.416  0.767  -0.018 -0.181  0.110
-8.308 -4.294 129.755   0.072  0.116 -0.908  -0.612 -0.416  0.767  -0.060 -0.243  0.120
-7.500 -4.366 130.692   0.068  0.116 -0.904  -0.599 -0.422  0.786  -0.111 -0.303  0.128
-6.622 -4.452 131.623   0.072  0.128 -0.912  -0.599 -0.422  0.786  -0.163 -0.353  0.126
-5.736 -4.504 132.512   0.076  0.124 -0.936  -0.599 -0.422  0.786  -0.193 -0.397  0.133
-4.833 -4.559 133.230   0.088  0.124 -0.936  -0.563 -0.439  0.784  -0.243 -0.450  0.133
-3.878 -4.584 133.951   0.080  0.128 -0.948  -0.563 -0.439  0.784  -0.281 -0.494  0.133
-2.904 -4.572 134.676   0.072  0.128 -0.960  -0.563 -0.439  0.784  -0.306 -0.524  0.145
-1.908 -4.556 135.362   0.068  0.132 -0.960  -0.522 -0.422  0.789  -0.343 -0.548  0.143
-0.919 -4.553 136.011   0.076  0.132 -0.968  -0.522 -0.422  0.789  -0.381 -0.568  0.145
 0.066 -4.546 136.631   0.076  0.128 -0.976  -0.522 -0.422  0.789  -0.420 -0.585  0.149
 1.046 -4.520 137.220   0.076  0.124 -0.988  -0.522 -0.422  0.789  -0.449 -0.611  0.153
 1.973 -4.516 137.504   0.080  0.128 -1.000  -0.478 -0.477  0.803  -0.470 -0.614  0.154
 2.884 -4.530 137.777   0.084  0.128 -0.996  -0.478 -0.477  0.803  -0.495 -0.621  0.160
 3.780 -4.517 138.045   0.080  0.124 -1.020  -0.478 -0.477  0.803  -0.510 -0.637  0.166
 4.680 -4.515 138.110   0.068  0.128 -1.028  -0.432 -0.512  0.801  -0.545 -0.648  0.168
 5.594 -4.532 138.211   0.064  0.136 -1.032  -0.432 -0.512  0.801  -0.573 -0.653  0.175
 6.471 -4.566 138.270   0.072  0.128 -1.052  -0.432 -0.512  0.801  -0.603 -0.658  0.175
 7.331 -4.622 138.123   0.060  0.132 -1.052  -0.377 -0.540  0.806  -0.623 -0.655  0.176
 8.145 -4.693 137.975   0.060  0.128 -1.068  -0.377 -0.540  0.806  -0.633 -0.639  0.177
 8.944 -4.790 137.868   0.056  0.136 -1.076  -0.377 -0.540  0.806  -0.644 -0.623  0.183
 9.706 -4.894 137.767   0.056  0.136 -1.080  -0.377 -0.540  0.806  -0.645 -0.616  0.184
10.398 -5.054 137.411   0.060  0.136 -1.080  -0.333 -0.595  0.816  -0.652 -0.599  0.197
11.101 -5.238 137.101   0.052  0.144 -1.080  -0.333 -0.595  0.816  -0.673 -0.592  0.190
11.748 -5.442 136.788   0.060  0.140 -1.088  -0.333 -0.595  0.816  -0.677 -0.579  0.199
12.334 -5.686 136.296   0.056  0.136 -1.080  -0.300 -0.645  0.799  -0.679 -0.552  0.199
12.894 -5.975 135.785   0.060  0.136 -1.068  -0.300 -0.645  0.799  -0.679 -0.527  0.194
13.414 -6.289 135.308   0.060  0.144 -1.068  -0.300 -0.645  0.799  -0.672 -0.505  0.193
13.837 -6.622 134.652   0.068  0.140 -1.060  -0.251 -0.673  0.799  -0.666 -0.498  0.195
14.238 -6.965 134.033   0.064  0.144 -1.060  -0.251 -0.673  0.799  -0.663 -0.483  0.192
14.606 -7.319 133.457   0.056  0.148 -1.060  -0.251 -0.673  0.799  -0.656 -0.451  0.187
14.924 -7.684 132.889   0.056  0.148 -1.044  -0.251 -0.673  0.799  -0.644 -0.424  0.176
15.202 -8.078 132.234   0.048  0.152 -1.040  -0.230 -0.731  0.799  -0.637 -0.394  0.173
15.408 -8.439 131.579   0.044  0.136 -1.040  -0.230 -0.731  0.799  -0.615 -0.362  0.162
15.522 -8.805 130.891   0.056  0.128 -1.024  -0.230 -0.731  0.799  -0.591 -0.331  0.149
15.579 -9.172 130.128   0.056  0.124 -1.020  -0.212 -0.763  0.789  -0.574 -0.307  0.138
15.586 -9.516 129.400   0.048  0.132 -1.008  -0.212 -0.763  0.789  -0.523 -0.276  0.129
15.536 -9.856 128.671   0.052  0.132 -0.996  -0.212 -0.763  0.789  -0.498 -0.251  0.120
15.435 -10.181 127.910   0.040  0.128 -0.992  -0.199 -0.795  0.786  -0.470 -0.206  0.109
15.305 -10.496 127.176   0.036  0.132 -0.980  -0.199 -0.795  0.786  -0.446 -0.181  0.102
15.104 -10.833 126.420   0.048  0.144 -0.968  -0.199 -0.795  0.786  -0.410 -0.151  0.084
14.802 -11.124 125.615   0.060  0.132 -0.960  -0.199 -0.795  0.786  -0.360 -0.122  0.066
14.415 -11.385 124.734   0.072  0.124 -0.956  -0.194 -0.838  0.778  -0.319 -0.100  0.050
14.008 -11.647 123.853   0.064  0.136 -0.956  -0.194 -0.838  0.778  -0.292 -0.080  0.041
13.542 -11.888 122.979   0.064  0.144 -0.948  -0.194 -0.838  0.778  -0.240 -0.041  0.028
13.036 -12.070 122.118   0.056  0.140 -0.948  -0.189 -0.838  0.765  -0.190 -0.006  0.021
12.508 -12.205 121.287   0.056  0.132 -0.944  -0.189 -0.838  0.765  -0.160  0.027 -0.000
11.942 -12.309 120.470   0.052  0.136 -0.944  -0.189 -0.838  0.765  -0.113  0.067 -0.012
11.325 -12.363 119.644   0.052  0.136 -0.940  -0.191 -0.847  0.771  -0.053  0.101 -0.036
10.664 -12.398 118.815   0.060  0.132 -0.932  -0.191 -0.847  0.771  -0.028  0.126 -0.036
 9.934 -12.380 117.946   0.072  0.128 -0.928  -0.191 -0.847  0.771   0.032  0.150 -0.055
 9.202 -12.318 117.119   0.060  0.132 -0.932  -0.191 -0.847  0.771   0.080  0.187 -0.067
 8.458 -12.209 116.372   0.056  0.136 -0.932  -0.214 -0.855  0.767   0.135  0.222 -0.081
 7.720 -12.053 115.643   0.052  0.132 -0.932  -0.214 -0.855  0.767   0.169  0.236 -0.093
 6.950 -11.854 114.917   0.056  0.132 -0.940  -0.214 -0.855  0.767   0.220  0.261 -0.099
 6.182 -11.588 114.249   0.052  0.128 -0.944  -0.222 -0.835  0.771   0.274  0.278 -0.106
 5.401 -11.310 113.577   0.056  0.128 -0.948  -0.222 -0.835  0.771   0.298  0.302 -0.121
 4.636 -10.987 112.927   0.052  0.128 -0.952  -0.222 -0.835  0.771   0.342  0.311 -0.133
 3.867 -10.625 112.316   0.052  0.128 -0.960  -0.230 -0.824  0.778   0.388  0.333 -0.147
 3.072 -10.245 111.699   0.060  0.128 -0.968  -0.230 -0.824  0.778   0.423  0.356 -0.153
 2.284 -9.840 111.097   0.052  0.124 -0.968  -0.230 -0.824  0.778   0.451  0.389 -0.175
 1.485 -9.467 110.522   0.052  0.140 -0.984  -0.230 -0.824  0.778   0.474  0.438 -0.180
 0.691 -9.069 110.047   0.048  0.140 -0.988  -0.253 -0.803  0.774   0.512  0.475 -0.198
-0.095 -8.627 109.598   0.044  0.132 -0.992  -0.253 -0.803  0.774   0.548  0.491 -0.196
-0.865 -8.214 109.151   0.052  0.140 -1.000  -0.253 -0.803  0.774   0.551  0.496 -0.202
-1.641 -7.799 108.829   0.064  0.140 -1.016  -0.279 -0.754  0.773   0.573  0.515 -0.197
-2.375 -7.397 108.526   0.060  0.136 -1.024  -0.279 -0.754  0.773   0.562  0.519 -0.203
-3.071 -6.976 108.251   0.056  0.132 -1.020  -0.279 -0.754  0.773   0.581  0.512 -0.201
-3.725 -6.558 108.150   0.052  0.140 -1.024  -0.305 -0.717  0.778   0.610  0.523 -0.190
-4.401 -6.130 108.047   0.056  0.136 -1.028  -0.305 -0.717  0.778   0.636  0.546 -0.182
-5.091 -5.716 107.966   0.052  0.136 -1.028  -0.305 -0.717  0.778   0.649  0.587 -0.176
-5.762 -5.323 107.889   0.052  0.140 -1.044  -0.305 -0.717  0.778   0.653  0.598 -0.182
-6.407 -4.993 108.002   0.060  0.148 -1.056  -0.357 -0.694  0.780   0.639  0.613 -0.181
-7.011 -4.704 108.114   0.064  0.156 -1.056  -0.357 -0.694  0.780   0.631  0.598 -0.182
-7.575 -4.404 108.231   0.060  0.148 -1.056  -0.357 -0.694  0.780   0.632  0.584 -0.177
-8.073 -4.150 108.560   0.064  0.160 -1.056  -0.388 -0.639  0.784   0.632  0.562 -0.165
-8.578 -3.888 108.848   0.072  0.148 -1.060  -0.388 -0.639  0.784   0.636  0.556 -0.159
-9.092 -3.623 109.138   0.076  0.140 -1.064  -0.388 -0.639  0.784   0.623  0.545 -0.144
-9.568 -3.410 109.638   0.076  0.140 -1.060  -0.429 -0.604  0.788   0.610  0.547 -0.127
-10.021 -3.233 110.074   0.084  0.132 -1.064  -0.429 -0.604  0.788   0.590  0.545 -0.120
-10.432 -3.068 110.535   0.076  0.132 -1.064  -0.429 -0.604  0.788   0.583  0.537 -0.100
-10.805 -2.915 111.019   0.072  0.132 -1.064  -0.429 -0.604  0.788   0.577  0.523 -0.075
-11.112 -2.808 111.711   0.068  0.136 -1.052  -0.470 -0.569  0.780   0.560  0.502 -0.054
-11.416 -2.721 112.352   0.080  0.128 -1.044  -0.470 -0.569  0.780   0.544  0.484 -0.044
-11.666 -2.669 113.017   0.072  0.128 -1.036  -0.470 -0.569  0.780   0.511  0.469 -0.019
-11.856 -2.672 113.834   0.068  0.124 -1.016  -0.496 -0.529  0.784   0.468  0.449 -0.006
-12.000 -2.694 114.620   0.072  0.120 -1.004  -0.496 -0.529  0.784   0.440  0.411  0.003
-12.080 -2.740 115.415   0.072  0.128 -0.992  -0.496 -0.529  0.784   0.423  0.372  0.021
-12.114 -2.832 116.383   0.080  0.132 -0.988  -0.545 -0.497  0.784   0.402  0.343  0.036
-12.091 -2.918 117.336   0.076  0.132 -0.984  -0.545 -0.497  0.784   0.388  0.304  0.045
-12.018 -2.999 118.263   0.076  0.128 -0.984  -0.545 -0.497  0.784   0.363  0.260  0.057
-11.892 -3.063 119.182   0.068  0.120 -0.980  -0.545 -0.497  0.784   0.336  0.223  0.077
-11.742 -3.163 120.138   0.076  0.116 -0.968  -0.568 -0.483  0.774   0.301  0.199  0.082
-11.551 -3.263 121.047   0.080  0.112 -0.960  -0.568 -0.483  0.774   0.273  0.156  0.082
-11.280 -3.382 121.965   0.076  0.120 -0.952  -0.568 -0.483  0.774   0.235  0.112  0.093
-10.983 -3.512 122.963   0.088  0.116 -0.948  -0.584 -0.445  0.776   0.213  0.069  0.099
-10.638 -3.651 123.930   0.092  0.116 -0.932  -0.584 -0.445  0.776   0.180  0.025  0.104
-10.223 -3.782 124.873   0.088  0.116 -0.932  -0.584 -0.445  0.776   0.138 -0.025  0.101
-9.735 -3.917 125.829   0.084  0.116 -0.924  -0.576 -0.431  0.788   0.088 -0.071  0.105
-9.210 -4.059 126.769   0.088  0.120 -0.924  -0.576 -0.431  0.788   0.058 -0.107  0.113
-8.601 -4.188 127.732   0.084  0.116 -0.924  -0.576 -0.431  0.788   0.012 -0.153  0.121
-7.903 -4.316 128.706   0.080  0.124 -0.920  -0.576 -0.431  0.788  -0.035 -0.208  0.127
-7.152 -4.425 129.633   0.080  0.128 -0.936  -0.574 -0.436  0.780  -0.073 -0.257  0.128
-6.394 -4.518 130.503   0.080  0.128 -0.936  -0.574 -0.436  0.780  -0.116 -0.302  0.140
-5.602 -4.594 131.346   0.080  0.124 -0.944  -0.574 -0.436  0.780  -0.162 -0.344  0.149
-4.774 -4.637 132.150   0.072  0.120 -0.940  -0.556 -0.431  0.793  -0.199 -0.383  0.146
-3.948 -4.664 132.881   0.080  0.108 -0.948  -0.556 -0.431  0.793  -0.243 -0.424  0.146
-3.064 -4.667 133.636   0.068  0.112 -0.948  -0.556 -0.431  0.793  -0.283 -0.461  0.157
-2.175 -4.661 134.211   0.068  0.116 -0.964  -0.514 -0.454  0.797  -0.315 -0.491  0.157
-1.289 -4.648 134.764   0.068  0.116 -0.972  -0.514 -0.454  0.797  -0.338 -0.509  0.156
-0.415 -4.642 135.303   0.072  0.116 -0.972  -0.514 -0.454  0.797  -0.364 -0.522  0.167
 0.487 -4.662 135.862   0.072  0.128 -0.976  -0.514 -0.454  0.797  -0.399 -0.534  0.172
 1.342 -4.684 136.251   0.080  0.124 -0.984  -0.478 -0.462  0.797  -0.418 -0.549  0.172
 2.234 -4.695 136.669   0.068  0.128 -0.996  -0.478 -0.462  0.797  -0.453 -0.565  0.176
 3.167 -4.730 137.097   0.076  0.136 -1.016  -0.478 -0.462  0.797  -0.482 -0.577  0.177
 4.006 -4.756 137.212   0.072  0.124 -1.032  -0.421 -0.494  0.812  -0.512 -0.589  0.183
 4.833 -4.810 137.310   0.080  0.128 -1.036  -0.421 -0.494  0.812  -0.537 -0.598  0.179
 5.702 -4.880 137.421   0.080  0.128 -1.032  -0.421 -0.494  0.812  -0.567 -0.609  0.184
 6.493 -4.974 137.258   0.072  0.128 -1.036  -0.377 -0.543  0.814  -0.590 -0.601  0.173
 7.255 -5.088 137.123   0.068  0.124 -1.044  -0.377 -0.543  0.814  -0.611 -0.581  0.189
 7.983 -5.225 137.008   0.068  0.132 -1.044  -0.377 -0.543  0.814  -0.607 -0.563  0.186
 8.671 -5.401 136.748   0.068  0.136 -1.052  -0.349 -0.572  0.805  -0.619 -0.550  0.188
 9.339 -5.588 136.513   0.068  0.140 -1.052  -0.349 -0.572  0.805  -0.624 -0.548  0.192
 9.951 -5.792 136.261   0.072  0.128 -1.044  -0.349 -0.572  0.805  -0.637 -0.529  0.195
10.575 -5.988 136.071   0.056  0.136 -1.048  -0.349 -0.572  0.805  -0.640 -0.520  0.188
11.148 -6.232 135.649   0.052  0.136 -1.056  -0.300 -0.616  0.810  -0.653 -0.498  0.187
11.680 -6.500 135.238   0.060  0.140 -1.056  -0.300 -0.616  0.810  -0.652 -0.489  0.193
12.150 -6.778 134.812   0.064  0.136 -1.056  -0.300 -0.616  0.810  -0.645 -0.467  0.181
12.568 -7.075 134.235   0.060  0.132 -1.052  -0.274 -0.673  0.808  -0.640 -0.450  0.178
12.968 -7.402 133.646   0.060  0.132 -1.048  -0.274 -0.673  0.808  -0.640 -0.430  0.172
13.359 -7.717 133.106   0.048  0.132 -1.036  -0.274 -0.673  0.808  -0.636 -0.418  0.166
13.662 -8.069 132.485   0.056  0.136 -1.028  -0.251 -0.705  0.795  -0.631 -0.389  0.166
13.910 -8.424 131.876   0.052  0.132 -1.012  -0.251 -0.705  0.795  -0.617 -0.353  0.155
14.090 -8.801 131.264   0.064  0.140 -1.016  -0.251 -0.705  0.795  -0.595 -0.330  0.154
14.225 -9.169 130.666   0.060  0.140 -1.004  -0.251 -0.705  0.795  -0.573 -0.303  0.142
14.267 -9.565 129.927   0.076  0.140 -1.008  -0.225 -0.740  0.791  -0.553 -0.281  0.138
14.285 -9.962 129.198   0.064  0.152 -1.008  -0.225 -0.740  0.791  -0.514 -0.253  0.123
14.273 -10.288 128.545   0.048  0.144 -1.000  -0.225 -0.740  0.791  -0.484 -0.224  0.113
14.208 -10.598 127.860   0.044  0.136 -0.996  -0.227 -0.786  0.784  -0.465 -0.191  0.099
14.092 -10.907 127.172   0.048  0.140 -0.992  -0.227 -0.786  0.784  -0.440 -0.165  0.085
13.930 -11.202 126.513   0.044  0.144 -0.976  -0.227 -0.786  0.784  -0.402 -0.130  0.085
13.675 -11.503 125.726   0.052  0.140 -0.984  -0.217 -0.809  0.774  -0.372 -0.098  0.058
13.339 -11.748 124.918   0.060  0.132 -0.972  -0.217 -0.809  0.774  -0.319 -0.081  0.050
12.941 -11.984 124.086   0.068  0.136 -0.964  -0.217 -0.809  0.774  -0.281 -0.054  0.029
12.501 -12.152 123.297   0.056  0.128 -0.960  -0.217 -0.809  0.774  -0.232 -0.015  0.032
12.023 -12.276 122.496   0.064  0.120 -0.956  -0.209 -0.821  0.776  -0.196  0.002  0.021
11.504 -12.392 121.661   0.060  0.124 -0.944  -0.209 -0.821  0.776  -0.168  0.029 -0.001
10.964 -12.461 120.864   0.052  0.124 -0.948  -0.209 -0.821  0.776  -0.126  0.060 -0.005
10.383 -12.504 120.039   0.056  0.132 -0.940  -0.214 -0.853  0.769  -0.073  0.082 -0.036
 9.781 -12.521 119.267   0.044  0.136 -0.944  -0.214 -0.853  0.769  -0.034  0.134 -0.036
 9.140 -12.469 118.484   0.044  0.128 -0.932  -0.214 -0.853  0.769   0.021  0.154 -0.054
 8.503 -12.378 117.791   0.044  0.128 -0.912  -0.230 -0.841  0.763   0.075  0.184 -0.071
 7.826 -12.265 117.080   0.052  0.124 -0.932  -0.230 -0.841  0.763   0.098  0.210 -0.082
 7.132 -12.140 116.375   0.056  0.136 -0.928  -0.230 -0.841  0.763   0.147  0.229 -0.093
 6.418 -11.981 115.678   0.060  0.140 -0.936  -0.230 -0.835  0.773   0.193  0.247 -0.100
 5.675 -11.763 114.964   0.064  0.132 -0.940  -0.230 -0.835  0.773   0.240  0.264 -0.119
 4.924 -11.500 114.259   0.068  0.128 -0.940  -0.230 -0.835  0.773   0.281  0.270 -0.121
 4.159 -11.186 113.554   0.068  0.120 -0.944  -0.230 -0.835  0.773   0.320  0.291 -0.137
 3.336 -10.879 112.884   0.084  0.140 -0.956  -0.251 -0.818  0.774   0.359  0.312 -0.141
 2.604 -10.525 112.307   0.060  0.132 -0.968  -0.251 -0.818  0.774   0.394  0.339 -0.161
 1.875 -10.169 111.752   0.060  0.140 -0.972  -0.251 -0.818  0.774   0.425  0.361 -0.168
 1.145 -9.794 111.304   0.056  0.136 -0.972  -0.276 -0.792  0.763   0.454  0.404 -0.186
 0.390 -9.426 110.859   0.060  0.140 -0.972  -0.276 -0.792  0.763   0.482  0.441 -0.191
-0.385 -9.042 110.393   0.072  0.140 -0.984  -0.276 -0.792  0.763   0.512  0.451 -0.197
-1.128 -8.642 110.004   0.068  0.140 -1.000  -0.284 -0.760  0.778   0.533  0.464 -0.209
-1.838 -8.248 109.635   0.068  0.136 -1.016  -0.284 -0.760  0.778   0.526  0.464 -0.207
-2.544 -7.865 109.265   0.076  0.136 -1.016  -0.284 -0.760  0.778   0.532  0.469 -0.205
-3.194 -7.458 108.955   0.064  0.132 -1.012  -0.284 -0.760  0.778   0.550  0.464 -0.196
-3.813 -7.048 108.799   0.064  0.132 -1.020  -0.320 -0.740  0.774   0.570  0.473 -0.194
-4.420 -6.639 108.718   0.052  0.136 -1.020  -0.320 -0.740  0.774   0.594  0.506 -0.165
-5.058 -6.232 108.603   0.060  0.132 -1.032  -0.320 -0.740  0.774   0.611  0.531 -0.176
-5.681 -5.855 108.628   0.064  0.132 -1.044  -0.346 -0.699  0.774   0.609  0.547 -0.170
-6.300 -5.491 108.617   0.072  0.132 -1.044  -0.346 -0.699  0.774   0.617  0.547 -0.187
-6.874 -5.162 108.630   0.068  0.140 -1.044  -0.346 -0.699  0.774   0.611  0.545 -0.186
-7.377 -4.844 108.840   0.060  0.136 -1.040  -0.375 -0.653  0.788   0.609  0.529 -0.175
-7.851 -4.556 109.043   0.064  0.144 -1.040  -0.375 -0.653  0.788   0.610  0.518 -0.177
-8.301 -4.244 109.248   0.060  0.132 -1.048  -0.375 -0.653  0.788   0.615  0.504 -0.166
-8.731 -3.963 109.452   0.064  0.132 -1.052  -0.375 -0.653  0.788   0.600  0.498 -0.154
-9.101 -3.738 109.856   0.064  0.140 -1.052  -0.416 -0.624  0.786   0.584  0.484 -0.138
-9.452 -3.539 110.279   0.060  0.140 -1.052  -0.416 -0.624  0.786   0.572  0.488 -0.117
-9.801 -3.340 110.664   0.068  0.132 -1.048  -0.416 -0.624  0.786   0.572  0.473 -0.111
-10.150 -3.190 111.212   0.084  0.124 -1.036  -0.447 -0.575  0.782   0.551  0.465 -0.081
-10.433 -3.053 111.792   0.072  0.128 -1.044  -0.447 -0.575  0.782   0.539  0.444 -0.065
-10.693 -2.929 112.366   0.072  0.124 -1.024  -0.447 -0.575  0.782   0.530  0.430 -0.048
-10.896 -2.861 113.107   0.072  0.124 -1.020  -0.486 -0.543  0.788   0.495  0.408 -0.038
-11.069 -2.821 113.826   0.076  0.120 -1.012  -0.486 -0.543  0.788   0.466  0.385 -0.021
-11.224 -2.809 114.504   0.088  0.112 -1.000  -0.486 -0.543  0.788   0.433  0.354  0.001
-11.303 -2.831 115.214   0.076  0.124 -0.992  -0.486 -0.543  0.788   0.411  0.334  0.007
-11.323 -2.874 116.048   0.080  0.128 -0.992  -0.525 -0.526  0.788   0.397  0.292  0.018
-11.298 -2.938 116.879   0.080  0.132 -0.988  -0.525 -0.526  0.788   0.374  0.266  0.034
-11.222 -3.007 117.706   0.080  0.132 -0.984  -0.525 -0.526  0.788   0.352  0.226  0.055
-11.098 -3.087 118.662   0.076  0.128 -0.972  -0.540 -0.480  0.784   0.330  0.199  0.056
-10.942 -3.167 119.587   0.080  0.120 -0.968  -0.540 -0.480  0.784   0.300  0.161  0.078
-10.723 -3.263 120.506   0.076  0.124 -0.956  -0.540 -0.480  0.784   0.267  0.124  0.083
-10.443 -3.377 121.520   0.080  0.116 -0.948  -0.553 -0.457  0.791   0.224  0.080  0.090
-10.093 -3.472 122.532   0.072  0.120 -0.944  -0.553 -0.457  0.791   0.204  0.036  0.095
-9.676 -3.549 123.501   0.060  0.124 -0.944  -0.553 -0.457  0.791   0.170 -0.011  0.099
-9.246 -3.627 124.428   0.064  0.120 -0.944  -0.553 -0.457  0.791   0.142 -0.037  0.105
-8.768 -3.704 125.412   0.064  0.112 -0.936  -0.566 -0.434  0.784   0.097 -0.081  0.116
-8.270 -3.810 126.338   0.080  0.112 -0.936  -0.566 -0.434  0.784   0.054 -0.121  0.118
-7.758 -3.923 127.223   0.088  0.108 -0.928  -0.566 -0.434  0.784   0.019 -0.153  0.129
-7.185 -4.015 128.065   0.084  0.108 -0.932  -0.548 -0.431  0.788  -0.021 -0.204  0.133
-6.524 -4.087 128.934   0.072  0.116 -0.952  -0.548 -0.431  0.788  -0.064 -0.253  0.143
-5.817 -4.155 129.797   0.072  0.120 -0.948  -0.548 -0.431  0.788  -0.100 -0.293  0.150
-5.142 -4.201 130.531   0.080  0.100 -0.944  -0.530 -0.431  0.803  -0.137 -0.323  0.155
-4.423 -4.249 131.258   0.080  0.104 -0.952  -0.530 -0.431  0.803  -0.178 -0.358  0.160
-3.659 -4.283 131.972   0.080  0.104 -0.964  -0.530 -0.431  0.803  -0.222 -0.406  0.168
-2.852 -4.330 132.695   0.076  0.112 -0.972  -0.530 -0.431  0.803  -0.266 -0.427  0.170
-2.057 -4.370 133.258   0.076  0.112 -0.976  -0.499 -0.454  0.801  -0.292 -0.444  0.182
-1.248 -4.392 133.815   0.072  0.112 -0.980  -0.499 -0.454  0.801  -0.315 -0.468  0.184
-0.422 -4.430 134.381   0.072  0.120 -0.984  -0.499 -0.454  0.801  -0.345 -0.480  0.190
 0.383 -4.483 134.778   0.072  0.124 -0.984  -0.455 -0.468  0.803  -0.367 -0.484  0.193
 1.210 -4.524 135.183   0.068  0.128 -0.996  -0.455 -0.468  0.803  -0.393 -0.509  0.194
 2.044 -4.580 135.583   0.064  0.128 -1.000  -0.455 -0.468  0.803  -0.433 -0.510  0.192
 2.898 -4.638 135.817   0.060  0.120 -1.004  -0.426 -0.491  0.810  -0.468 -0.520  0.192
 3.717 -4.702 136.043   0.064  0.128 -1.012  -0.426 -0.491  0.810  -0.487 -0.541  0.190
 4.567 -4.794 136.266   0.068  0.128 -1.020  -0.426 -0.491  0.810  -0.521 -0.545  0.193
 5.398 -4.891 136.476   0.068  0.124 -1.016  -0.426 -0.491  0.810  -0.545 -0.549  0.194
 6.202 -4.976 136.734   0.056  0.136 -1.036  -0.426 -0.491  0.810  -0.553 -0.545  0.200
 6.955 -5.092 136.952   0.064  0.132 -1.044  -0.426 -0.491  0.810  -0.574 -0.528  0.199
 7.674 -5.239 137.168   0.072  0.140 -1.048  -0.426 -0.491  0.810  -0.580 -0.516  0.203
 8.313 -5.442 136.922   0.072  0.140 -1.040  -0.346 -0.564  0.810  -0.590 -0.502  0.204
 8.946 -5.637 136.717   0.060  0.136 -1.044  -0.346 -0.564  0.810  -0.604 -0.493  0.206
 9.544 -5.863 136.502   0.064  0.136 -1.044  -0.346 -0.564  0.810  -0.619 -0.474  0.198
10.118 -6.102 136.115   0.048  0.136 -1.028  -0.307 -0.613  0.808  -0.622 -0.461  0.200
10.652 -6.351 135.729   0.048  0.132 -1.024  -0.307 -0.613  0.808  -0.625 -0.446  0.192
11.130 -6.619 135.328   0.060  0.132 -1.024  -0.307 -0.613  0.808  -0.620 -0.439  0.193
11.561 -6.900 134.907   0.064  0.128 -1.032  -0.307 -0.613  0.808  -0.625 -0.422  0.176
11.950 -7.207 134.413   0.064  0.132 -1.032  -0.292 -0.642  0.799  -0.620 -0.403  0.178
12.329 -7.522 133.943   0.056  0.132 -1.028  -0.292 -0.642  0.799  -0.611 -0.383  0.183
12.655 -7.832 133.499   0.056  0.136 -1.032  -0.292 -0.642  0.799  -0.603 -0.363  0.166
12.928 -8.177 132.856   0.052  0.128 -1.020  -0.261 -0.697  0.797  -0.596 -0.335  0.159
13.116 -8.514 132.243   0.060  0.128 -1.016  -0.261 -0.697  0.797  -0.574 -0.309  0.157
13.264 -8.852 131.642   0.060  0.128 -1.020  -0.261 -0.697  0.797  -0.564 -0.286  0.150
13.357 -9.208 130.967   0.064  0.132 -1.012  -0.253 -0.740  0.803  -0.546 -0.265  0.135
13.438 -9.533 130.349   0.048  0.132 -1.000  -0.253 -0.740  0.803  -0.523 -0.243  0.132
13.469 -9.848 129.756   0.044  0.132 -0.988  -0.253 -0.740  0.803  -0.496 -0.209  0.131
13.387 -10.179 129.057   0.064  0.128 -0.988  -0.248 -0.766  0.788  -0.465 -0.176  0.110
13.304 -10.500 128.389   0.052  0.132 -0.984  -0.248 -0.766  0.788  -0.455 -0.152  0.089
13.153 -10.822 127.708   0.064  0.140 -0.988  -0.248 -0.766  0.788  -0.419 -0.131  0.083
12.955 -11.114 127.034   0.056  0.136 -0.972  -0.248 -0.766  0.788  -0.383 -0.092  0.063
12.711 -11.368 126.303   0.056  0.128 -0.972  -0.235 -0.789  0.784  -0.354 -0.081  0.056
12.435 -11.579 125.594   0.048  0.128 -0.972  -0.235 -0.789  0.784  -0.311 -0.054  0.044
12.116 -11.760 124.890   0.048  0.124 -0.964  -0.235 -0.789  0.784  -0.280 -0.031  0.036
11.754 -11.908 124.159   0.048  0.120 -0.964  -0.238 -0.827  0.774  -0.245 -0.009  0.022
11.363 -12.060 123.447   0.048  0.132 -0.948  -0.238 -0.827  0.774  -0.209  0.021  0.014
10.916 -12.192 122.723   0.052  0.132 -0.952  -0.238 -0.827  0.774  -0.172  0.055  0.001
10.435 -12.266 122.023   0.052  0.128 -0.952  -0.243 -0.818  0.763  -0.123  0.072 -0.009
 9.895 -12.291 121.290   0.056  0.124 -0.940  -0.243 -0.818  0.763  -0.066  0.096 -0.037
 9.356 -12.323 120.600   0.052  0.132 -0.936  -0.243 -0.818  0.763  -0.050  0.124 -0.033
 8.770 -12.298 119.889   0.056  0.124 -0.944  -0.243 -0.818  0.763  -0.003  0.145 -0.049
 8.096 -12.304 119.105   0.084  0.136 -0.936  -0.243 -0.827  0.771   0.032  0.170 -0.064
 7.460 -12.267 118.386   0.068  0.144 -0.932  -0.243 -0.827  0.771   0.076  0.184 -0.071
 6.805 -12.198 117.686   0.060  0.144 -0.936  -0.243 -0.827  0.771   0.114  0.227 -0.088
 6.143 -12.050 117.030   0.060  0.136 -0.952  -0.258 -0.832  0.765   0.164  0.233 -0.099
 5.466 -11.853 116.376   0.060  0.136 -0.960  -0.258 -0.832  0.765   0.214  0.249 -0.114
 4.732 -11.614 115.684   0.068  0.132 -0.964  -0.258 -0.832  0.765   0.246  0.259 -0.117
 4.036 -11.333 115.077   0.060  0.132 -0.956  -0.269 -0.809  0.761   0.282  0.266 -0.132
 3.354 -11.049 114.495   0.068  0.136 -0.972  -0.269 -0.809  0.761   0.319  0.281 -0.139
 2.676 -10.733 113.942   0.060  0.136 -0.968  -0.269 -0.809  0.761   0.359  0.308 -0.148
 2.010 -10.398 113.395   0.060  0.140 -0.988  -0.269 -0.809  0.761   0.389  0.317 -0.166
 1.336 -10.045 112.897   0.056  0.136 -0.980  -0.274 -0.789  0.774   0.418  0.352 -0.176
 0.642 -9.690 112.398   0.056  0.140 -0.976  -0.274 -0.789  0.774   0.451  0.388 -0.193
-0.057 -9.332 111.906   0.060  0.144 -0.988  -0.274 -0.789  0.774   0.477  0.407 -0.198
-0.757 -8.952 111.525   0.060  0.136 -1.000  -0.300 -0.766  0.776   0.498  0.437 -0.203
-1.429 -8.592 111.168   0.060  0.140 -1.008  -0.300 -0.766  0.776   0.498  0.444 -0.202
-2.109 -8.206 110.795   0.068  0.128 -1.004  -0.300 -0.766  0.776   0.513  0.443 -0.203
-2.739 -7.838 110.568   0.076  0.132 -1.012  -0.333 -0.734  0.769   0.517  0.429 -0.204
-3.325 -7.447 110.395   0.064  0.128 -1.012  -0.333 -0.734  0.769   0.535  0.429 -0.193
-3.888 -7.063 110.245   0.064  0.136 -1.012  -0.333 -0.734  0.769   0.557  0.430 -0.188
-4.459 -6.704 110.124   0.064  0.148 -1.016  -0.333 -0.734  0.769   0.582  0.460 -0.179
-5.045 -6.355 110.081   0.072  0.144 -1.028  -0.349 -0.702  0.782   0.590  0.482 -0.176
-5.624 -6.016 110.050   0.068  0.140 -1.036  -0.349 -0.702  0.782   0.590  0.503 -0.174
-6.176 -5.691 110.015   0.068  0.140 -1.044  -0.349 -0.702  0.782   0.588  0.501 -0.181
-6.654 -5.407 110.191   0.064  0.152 -1.044  -0.385 -0.662  0.782   0.588  0.491 -0.180
-7.101 -5.113 110.345   0.064  0.144 -1.040  -0.385 -0.662  0.782   0.589  0.469 -0.187
-7.491 -4.804 110.538   0.048  0.136 -1.040  -0.385 -0.662  0.782   0.585  0.457 -0.176
-7.861 -4.506 110.837   0.060  0.132 -1.048  -0.408 -0.624  0.780   0.589  0.432 -0.171
-8.235 -4.242 111.129   0.068  0.132 -1.052  -0.408 -0.624  0.780   0.578  0.436 -0.152
-8.602 -4.024 111.421   0.072  0.132 -1.040  -0.408 -0.624  0.780   0.557  0.440 -0.135
-8.940 -3.821 111.755   0.068  0.136 -1.036  -0.408 -0.624  0.780   0.546  0.426 -0.119
-9.239 -3.648 112.224   0.072  0.128 -1.028  -0.437 -0.587  0.784   0.537  0.414 -0.098
-9.506 -3.468 112.687   0.068  0.120 -1.028  -0.437 -0.587  0.784   0.528  0.394 -0.086
-9.731 -3.319 113.164   0.068  0.124 -1.028  -0.437 -0.587  0.784   0.510  0.375 -0.066
